{"/home/travis/build/npmtest/node-npmtest-axe-core/test.js":{"path":"/home/travis/build/npmtest/node-npmtest-axe-core/test.js","s":{"1":2,"2":2,"3":2,"4":2,"5":2,"6":2,"7":2,"8":1,"9":2,"10":2,"11":1,"12":1,"13":1,"14":1,"15":2,"16":2,"17":2,"18":2,"19":1,"20":1,"21":2,"22":2,"23":2,"24":1,"25":1,"26":1,"27":1,"28":1,"29":1,"30":1,"31":1,"32":1,"33":1,"34":1,"35":1,"36":1,"37":1,"38":1,"39":2,"40":2,"41":1,"42":2,"43":2,"44":1,"45":2,"46":2,"47":1,"48":2,"49":2,"50":1,"51":1,"52":1,"53":1,"54":1},"b":{"1":[2,1,1,1],"2":[1,1,1,1],"3":[1,1],"4":[1,1],"5":[1,1],"6":[1,1],"7":[1,1],"8":[1,1],"9":[1,1],"10":[1,1,1],"11":[1,1],"12":[1,1],"13":[1,1],"14":[1,1],"15":[1,1],"16":[1,1],"17":[1,1]},"f":{"1":2,"2":2,"3":2,"4":2,"5":2,"6":1,"7":1,"8":1,"9":2,"10":2,"11":2,"12":2,"13":1},"fnMap":{"1":{"name":"(anonymous_1)","line":12,"loc":{"start":{"line":12,"column":1},"end":{"line":12,"column":13}}},"2":{"name":"(anonymous_2)","line":19,"loc":{"start":{"line":19,"column":5},"end":{"line":19,"column":17}}},"3":{"name":"(anonymous_3)","line":23,"loc":{"start":{"line":23,"column":24},"end":{"line":23,"column":36}}},"4":{"name":"(anonymous_4)","line":61,"loc":{"start":{"line":61,"column":5},"end":{"line":61,"column":17}}},"5":{"name":"(anonymous_5)","line":82,"loc":{"start":{"line":82,"column":5},"end":{"line":82,"column":17}}},"6":{"name":"(anonymous_6)","line":91,"loc":{"start":{"line":91,"column":77},"end":{"line":94,"column":10}}},"7":{"name":"(anonymous_7)","line":112,"loc":{"start":{"line":112,"column":83},"end":{"line":115,"column":10}},"skip":true},"8":{"name":"(anonymous_8)","line":123,"loc":{"start":{"line":123,"column":77},"end":{"line":126,"column":10}},"skip":true},"9":{"name":"(anonymous_9)","line":139,"loc":{"start":{"line":139,"column":12},"end":{"line":139,"column":40}},"skip":true},"10":{"name":"(anonymous_10)","line":147,"loc":{"start":{"line":147,"column":77},"end":{"line":150,"column":10}},"skip":true},"11":{"name":"(anonymous_11)","line":158,"loc":{"start":{"line":158,"column":83},"end":{"line":161,"column":10}},"skip":true},"12":{"name":"(anonymous_12)","line":169,"loc":{"start":{"line":169,"column":79},"end":{"line":172,"column":10}},"skip":true},"13":{"name":"(anonymous_13)","line":180,"loc":{"start":{"line":180,"column":75},"end":{"line":183,"column":10}},"skip":true}},"statementMap":{"1":{"start":{"line":12,"column":0},"end":{"line":195,"column":5}},"2":{"start":{"line":14,"column":4},"end":{"line":14,"column":14}},"3":{"start":{"line":19,"column":4},"end":{"line":56,"column":9}},"4":{"start":{"line":21,"column":8},"end":{"line":21,"column":19}},"5":{"start":{"line":23,"column":8},"end":{"line":35,"column":13}},"6":{"start":{"line":24,"column":12},"end":{"line":34,"column":13}},"7":{"start":{"line":25,"column":16},"end":{"line":28,"column":30}},"8":{"start":{"line":30,"column":16},"end":{"line":33,"column":27}},"9":{"start":{"line":37,"column":8},"end":{"line":39,"column":21}},"10":{"start":{"line":40,"column":8},"end":{"line":53,"column":9}},"11":{"start":{"line":43,"column":12},"end":{"line":46,"column":14}},"12":{"start":{"line":47,"column":12},"end":{"line":47,"column":18}},"13":{"start":{"line":50,"column":12},"end":{"line":51,"column":46}},"14":{"start":{"line":52,"column":12},"end":{"line":52,"column":18}},"15":{"start":{"line":55,"column":8},"end":{"line":55,"column":35}},"16":{"start":{"line":61,"column":4},"end":{"line":63,"column":9}},"17":{"start":{"line":62,"column":8},"end":{"line":62,"column":15}},"18":{"start":{"line":64,"column":4},"end":{"line":77,"column":5}},"19":{"start":{"line":70,"column":8},"end":{"line":70,"column":14}},"20":{"start":{"line":76,"column":8},"end":{"line":76,"column":14}},"21":{"start":{"line":82,"column":4},"end":{"line":84,"column":9}},"22":{"start":{"line":83,"column":8},"end":{"line":83,"column":15}},"23":{"start":{"line":85,"column":4},"end":{"line":194,"column":5}},"24":{"start":{"line":91,"column":8},"end":{"line":99,"column":10}},"25":{"start":{"line":98,"column":12},"end":{"line":98,"column":35}},"26":{"start":{"line":102,"column":8},"end":{"line":104,"column":63}},"27":{"start":{"line":105,"column":8},"end":{"line":105,"column":14}},"28":{"start":{"line":112,"column":8},"end":{"line":121,"column":10},"skip":true},"29":{"start":{"line":119,"column":12},"end":{"line":119,"column":55},"skip":true},"30":{"start":{"line":120,"column":12},"end":{"line":120,"column":48},"skip":true},"31":{"start":{"line":123,"column":8},"end":{"line":136,"column":10},"skip":true},"32":{"start":{"line":130,"column":12},"end":{"line":130,"column":76},"skip":true},"33":{"start":{"line":131,"column":12},"end":{"line":131,"column":73},"skip":true},"34":{"start":{"line":132,"column":12},"end":{"line":132,"column":74},"skip":true},"35":{"start":{"line":133,"column":12},"end":{"line":133,"column":79},"skip":true},"36":{"start":{"line":134,"column":12},"end":{"line":134,"column":25},"skip":true},"37":{"start":{"line":135,"column":12},"end":{"line":135,"column":45},"skip":true},"38":{"start":{"line":138,"column":8},"end":{"line":145,"column":14},"skip":true},"39":{"start":{"line":143,"column":16},"end":{"line":143,"column":29},"skip":true},"40":{"start":{"line":144,"column":16},"end":{"line":144,"column":55},"skip":true},"41":{"start":{"line":147,"column":8},"end":{"line":156,"column":10},"skip":true},"42":{"start":{"line":154,"column":12},"end":{"line":154,"column":25},"skip":true},"43":{"start":{"line":155,"column":12},"end":{"line":155,"column":45},"skip":true},"44":{"start":{"line":158,"column":8},"end":{"line":167,"column":10},"skip":true},"45":{"start":{"line":165,"column":12},"end":{"line":165,"column":25},"skip":true},"46":{"start":{"line":166,"column":12},"end":{"line":166,"column":48},"skip":true},"47":{"start":{"line":169,"column":8},"end":{"line":178,"column":10},"skip":true},"48":{"start":{"line":176,"column":12},"end":{"line":176,"column":25},"skip":true},"49":{"start":{"line":177,"column":12},"end":{"line":177,"column":46},"skip":true},"50":{"start":{"line":180,"column":8},"end":{"line":189,"column":10},"skip":true},"51":{"start":{"line":187,"column":12},"end":{"line":187,"column":94},"skip":true},"52":{"start":{"line":188,"column":12},"end":{"line":188,"column":48},"skip":true},"53":{"start":{"line":192,"column":8},"end":{"line":192,"column":35},"skip":true},"54":{"start":{"line":193,"column":8},"end":{"line":193,"column":14},"skip":true}},"branchMap":{"1":{"line":25,"type":"binary-expr","locations":[{"start":{"line":25,"column":23},"end":{"line":25,"column":62}},{"start":{"line":26,"column":20},"end":{"line":26,"column":70}},{"start":{"line":27,"column":20},"end":{"line":27,"column":71}},{"start":{"line":28,"column":20},"end":{"line":28,"column":29}}]},"2":{"line":30,"type":"binary-expr","locations":[{"start":{"line":30,"column":23},"end":{"line":30,"column":37}},{"start":{"line":31,"column":20},"end":{"line":31,"column":61}},{"start":{"line":32,"column":20},"end":{"line":32,"column":70}},{"start":{"line":33,"column":20},"end":{"line":33,"column":26}}]},"3":{"line":37,"type":"cond-expr","locations":[{"start":{"line":38,"column":14},"end":{"line":38,"column":20}},{"start":{"line":39,"column":14},"end":{"line":39,"column":20}}]},"4":{"line":40,"type":"switch","locations":[{"start":{"line":42,"column":8},"end":{"line":47,"column":18}},{"start":{"line":49,"column":8},"end":{"line":52,"column":18}}]},"5":{"line":44,"type":"binary-expr","locations":[{"start":{"line":44,"column":16},"end":{"line":44,"column":44}},{"start":{"line":44,"column":48},"end":{"line":44,"column":66}}]},"6":{"line":50,"type":"binary-expr","locations":[{"start":{"line":50,"column":21},"end":{"line":50,"column":49}},{"start":{"line":50,"column":53},"end":{"line":50,"column":72}}]},"7":{"line":64,"type":"switch","locations":[{"start":{"line":69,"column":4},"end":{"line":70,"column":14}},{"start":{"line":75,"column":4},"end":{"line":76,"column":14}}]},"8":{"line":85,"type":"switch","locations":[{"start":{"line":90,"column":4},"end":{"line":105,"column":14}},{"start":{"line":111,"column":4},"end":{"line":193,"column":14},"skip":true}]},"9":{"line":91,"type":"binary-expr","locations":[{"start":{"line":91,"column":42},"end":{"line":91,"column":73}},{"start":{"line":91,"column":77},"end":{"line":99,"column":9}}]},"10":{"line":102,"type":"binary-expr","locations":[{"start":{"line":102,"column":18},"end":{"line":102,"column":32}},{"start":{"line":103,"column":12},"end":{"line":103,"column":53}},{"start":{"line":104,"column":12},"end":{"line":104,"column":61}}]},"11":{"line":112,"type":"binary-expr","locations":[{"start":{"line":112,"column":45},"end":{"line":112,"column":79},"skip":true},{"start":{"line":112,"column":83},"end":{"line":121,"column":9},"skip":true}]},"12":{"line":123,"type":"binary-expr","locations":[{"start":{"line":123,"column":42},"end":{"line":123,"column":73},"skip":true},{"start":{"line":123,"column":77},"end":{"line":136,"column":9},"skip":true}]},"13":{"line":138,"type":"binary-expr","locations":[{"start":{"line":138,"column":48},"end":{"line":138,"column":85},"skip":true},{"start":{"line":139,"column":12},"end":{"line":145,"column":13},"skip":true}]},"14":{"line":147,"type":"binary-expr","locations":[{"start":{"line":147,"column":42},"end":{"line":147,"column":73},"skip":true},{"start":{"line":147,"column":77},"end":{"line":156,"column":9},"skip":true}]},"15":{"line":158,"type":"binary-expr","locations":[{"start":{"line":158,"column":45},"end":{"line":158,"column":79},"skip":true},{"start":{"line":158,"column":83},"end":{"line":167,"column":9},"skip":true}]},"16":{"line":169,"type":"binary-expr","locations":[{"start":{"line":169,"column":43},"end":{"line":169,"column":75},"skip":true},{"start":{"line":169,"column":79},"end":{"line":178,"column":9},"skip":true}]},"17":{"line":180,"type":"binary-expr","locations":[{"start":{"line":180,"column":41},"end":{"line":180,"column":71},"skip":true},{"start":{"line":180,"column":75},"end":{"line":189,"column":9},"skip":true}]}},"code":["/* istanbul instrument in package npmtest_axe_core */","/*jslint","    bitwise: true,","    browser: true,","    maxerr: 8,","    maxlen: 96,","    node: true,","    nomen: true,","    regexp: true,","    stupid: true","*/","(function () {","    'use strict';","    var local;","","","","    // run shared js-env code - pre-init","    (function () {","        // init local","        local = {};","        // init modeJs","        local.modeJs = (function () {","            try {","                return typeof navigator.userAgent === 'string' &&","                    typeof document.querySelector('body') === 'object' &&","                    typeof XMLHttpRequest.prototype.open === 'function' &&","                    'browser';","            } catch (errorCaughtBrowser) {","                return module.exports &&","                    typeof process.versions.node === 'string' &&","                    typeof require('http').createServer === 'function' &&","                    'node';","            }","        }());","        // init global","        local.global = local.modeJs === 'browser'","            ? window","            : global;","        switch (local.modeJs) {","        // re-init local from window.local","        case 'browser':","            local = local.global.utility2.objectSetDefault(","                local.global.utility2_rollup || local.global.local,","                local.global.utility2","            );","            break;","        // re-init local from example.js","        case 'node':","            local = (local.global.utility2_rollup || require('utility2'))","                .requireExampleJsFromReadme();","            break;","        }","        // export local","        local.global.local = local;","    }());","","","","    // run shared js-env code - function","    (function () {","        return;","    }());","    switch (local.modeJs) {","","","","    // run browser js-env code - function","    case 'browser':","        break;","","","","    // run node js-env code - function","    case 'node':","        break;","    }","","","","    // run shared js-env code - post-init","    (function () {","        return;","    }());","    switch (local.modeJs) {","","","","    // run browser js-env code - post-init","    case 'browser':","        local.testCase_browser_nullCase = local.testCase_browser_nullCase || function (","            options,","            onError","        ) {","        /*","         * this function will test browsers's null-case handling-behavior-behavior","         */","            onError(null, options);","        };","","        // run tests","        local.nop(local.modeTest &&","            document.querySelector('#testRunButton1') &&","            document.querySelector('#testRunButton1').click());","        break;","","","","    // run node js-env code - post-init","    /* istanbul ignore next */","    case 'node':","        local.testCase_buildApidoc_default = local.testCase_buildApidoc_default || function (","            options,","            onError","        ) {","        /*","         * this function will test buildApidoc's default handling-behavior-behavior","         */","            options = { modulePathList: module.paths };","            local.buildApidoc(options, onError);","        };","","        local.testCase_buildApp_default = local.testCase_buildApp_default || function (","            options,","            onError","        ) {","        /*","         * this function will test buildApp's default handling-behavior-behavior","         */","            local.testCase_buildReadme_default(options, local.onErrorThrow);","            local.testCase_buildLib_default(options, local.onErrorThrow);","            local.testCase_buildTest_default(options, local.onErrorThrow);","            local.testCase_buildCustomOrg_default(options, local.onErrorThrow);","            options = [];","            local.buildApp(options, onError);","        };","","        local.testCase_buildCustomOrg_default = local.testCase_buildCustomOrg_default ||","            function (options, onError) {","            /*","             * this function will test buildCustomOrg's default handling-behavior","             */","                options = {};","                local.buildCustomOrg(options, onError);","            };","","        local.testCase_buildLib_default = local.testCase_buildLib_default || function (","            options,","            onError","        ) {","        /*","         * this function will test buildLib's default handling-behavior","         */","            options = {};","            local.buildLib(options, onError);","        };","","        local.testCase_buildReadme_default = local.testCase_buildReadme_default || function (","            options,","            onError","        ) {","        /*","         * this function will test buildReadme's default handling-behavior-behavior","         */","            options = {};","            local.buildReadme(options, onError);","        };","","        local.testCase_buildTest_default = local.testCase_buildTest_default || function (","            options,","            onError","        ) {","        /*","         * this function will test buildTest's default handling-behavior","         */","            options = {};","            local.buildTest(options, onError);","        };","","        local.testCase_webpage_default = local.testCase_webpage_default || function (","            options,","            onError","        ) {","        /*","         * this function will test webpage's default handling-behavior","         */","            options = { modeCoverageMerge: true, url: local.serverLocalHost + '?modeTest=1' };","            local.browserTest(options, onError);","        };","","        // run test-server","        local.testRunServer(local);","        break;","    }","}());",""],"l":{"12":2,"14":2,"19":2,"21":2,"23":2,"24":2,"25":2,"30":1,"37":2,"40":2,"43":1,"47":1,"50":1,"52":1,"55":2,"61":2,"62":2,"64":2,"70":1,"76":1,"82":2,"83":2,"85":2,"91":1,"98":1,"102":1,"105":1,"112":1,"119":1,"120":1,"123":1,"130":1,"131":1,"132":1,"133":1,"134":1,"135":1,"138":1,"143":2,"144":2,"147":1,"154":2,"155":2,"158":1,"165":2,"166":2,"169":1,"176":2,"177":2,"180":1,"187":1,"188":1,"192":1,"193":1}},"/home/travis/build/npmtest/node-npmtest-axe-core/lib.npmtest_axe_core.js":{"path":"/home/travis/build/npmtest/node-npmtest-axe-core/lib.npmtest_axe_core.js","s":{"1":2,"2":2,"3":2,"4":2,"5":2,"6":2,"7":2,"8":1,"9":2,"10":2,"11":2,"12":2,"13":1,"14":1,"15":1,"16":1},"b":{"1":[2,1,1,1],"2":[1,1,1,1],"3":[1,1],"4":[2,2],"5":[1,1]},"f":{"1":2,"2":2,"3":2},"fnMap":{"1":{"name":"(anonymous_1)","line":12,"loc":{"start":{"line":12,"column":1},"end":{"line":12,"column":13}}},"2":{"name":"(anonymous_2)","line":19,"loc":{"start":{"line":19,"column":5},"end":{"line":19,"column":17}}},"3":{"name":"(anonymous_3)","line":23,"loc":{"start":{"line":23,"column":24},"end":{"line":23,"column":36}}}},"statementMap":{"1":{"start":{"line":12,"column":0},"end":{"line":53,"column":5}},"2":{"start":{"line":14,"column":4},"end":{"line":14,"column":14}},"3":{"start":{"line":19,"column":4},"end":{"line":52,"column":9}},"4":{"start":{"line":21,"column":8},"end":{"line":21,"column":19}},"5":{"start":{"line":23,"column":8},"end":{"line":35,"column":13}},"6":{"start":{"line":24,"column":12},"end":{"line":34,"column":13}},"7":{"start":{"line":25,"column":16},"end":{"line":28,"column":30}},"8":{"start":{"line":30,"column":16},"end":{"line":33,"column":27}},"9":{"start":{"line":37,"column":8},"end":{"line":39,"column":21}},"10":{"start":{"line":41,"column":8},"end":{"line":41,"column":54}},"11":{"start":{"line":43,"column":8},"end":{"line":43,"column":53}},"12":{"start":{"line":45,"column":8},"end":{"line":51,"column":9}},"13":{"start":{"line":46,"column":12},"end":{"line":46,"column":59}},"14":{"start":{"line":48,"column":12},"end":{"line":48,"column":35}},"15":{"start":{"line":49,"column":12},"end":{"line":49,"column":49}},"16":{"start":{"line":50,"column":12},"end":{"line":50,"column":43}}},"branchMap":{"1":{"line":25,"type":"binary-expr","locations":[{"start":{"line":25,"column":23},"end":{"line":25,"column":62}},{"start":{"line":26,"column":20},"end":{"line":26,"column":70}},{"start":{"line":27,"column":20},"end":{"line":27,"column":71}},{"start":{"line":28,"column":20},"end":{"line":28,"column":29}}]},"2":{"line":30,"type":"binary-expr","locations":[{"start":{"line":30,"column":23},"end":{"line":30,"column":37}},{"start":{"line":31,"column":20},"end":{"line":31,"column":61}},{"start":{"line":32,"column":20},"end":{"line":32,"column":70}},{"start":{"line":33,"column":20},"end":{"line":33,"column":26}}]},"3":{"line":37,"type":"cond-expr","locations":[{"start":{"line":38,"column":14},"end":{"line":38,"column":20}},{"start":{"line":39,"column":14},"end":{"line":39,"column":20}}]},"4":{"line":41,"type":"binary-expr","locations":[{"start":{"line":41,"column":16},"end":{"line":41,"column":44}},{"start":{"line":41,"column":48},"end":{"line":41,"column":53}}]},"5":{"line":45,"type":"if","locations":[{"start":{"line":45,"column":8},"end":{"line":45,"column":8}},{"start":{"line":45,"column":8},"end":{"line":45,"column":8}}]}},"code":["/* istanbul instrument in package npmtest_axe_core */","/*jslint","    bitwise: true,","    browser: true,","    maxerr: 8,","    maxlen: 96,","    node: true,","    nomen: true,","    regexp: true,","    stupid: true","*/","(function () {","    'use strict';","    var local;","","","","    // run shared js-env code - pre-init","    (function () {","        // init local","        local = {};","        // init modeJs","        local.modeJs = (function () {","            try {","                return typeof navigator.userAgent === 'string' &&","                    typeof document.querySelector('body') === 'object' &&","                    typeof XMLHttpRequest.prototype.open === 'function' &&","                    'browser';","            } catch (errorCaughtBrowser) {","                return module.exports &&","                    typeof process.versions.node === 'string' &&","                    typeof require('http').createServer === 'function' &&","                    'node';","            }","        }());","        // init global","        local.global = local.modeJs === 'browser'","            ? window","            : global;","        // init utility2_rollup","        local = local.global.utility2_rollup || local;","        // init lib","        local.local = local.npmtest_axe_core = local;","        // init exports","        if (local.modeJs === 'browser') {","            local.global.utility2_npmtest_axe_core = local;","        } else {","            module.exports = local;","            module.exports.__dirname = __dirname;","            module.exports.module = module;","        }","    }());","}());",""],"l":{"12":2,"14":2,"19":2,"21":2,"23":2,"24":2,"25":2,"30":1,"37":2,"41":2,"43":2,"45":2,"46":1,"48":1,"49":1,"50":1}},"/home/travis/build/npmtest/node-npmtest-axe-core/example.js":{"path":"/home/travis/build/npmtest/node-npmtest-axe-core/example.js","s":{"1":2,"2":2,"3":2,"4":2,"5":2,"6":2,"7":2,"8":1,"9":2,"10":2,"11":2,"12":2,"13":1,"14":2,"15":2,"16":2,"17":2,"18":2,"19":0,"20":2,"21":1,"22":1,"23":1,"24":1,"25":1,"26":0,"27":0,"28":1,"29":1,"30":2,"31":0,"32":0,"33":0,"34":1,"35":2,"36":2,"37":3,"38":3,"39":3,"40":3,"41":0,"42":3,"43":3,"44":3,"45":1,"46":3,"47":1,"48":1,"49":1,"50":1,"51":1,"52":1,"53":1,"54":1,"55":1,"56":1,"57":0,"58":1,"59":6,"60":6,"61":1,"62":2,"63":0,"64":2,"65":1,"66":1,"67":0,"68":0,"69":0,"70":0,"71":0,"72":0,"73":0,"74":0,"75":0,"76":0,"77":0,"78":0,"79":0,"80":0,"81":0,"82":0,"83":0},"b":{"1":[2,1,1,1],"2":[1,1,1,1],"3":[1,1],"4":[2,2],"5":[1,1],"6":[1,1],"7":[2,0],"8":[2,1,1,1,1,1],"9":[0,2,0],"10":[1,1],"11":[2,1,1],"12":[1,0],"13":[0,2],"14":[2,0,0,0,0,0,0],"15":[0,3],"16":[3,0],"17":[1,1],"18":[0,1],"19":[1,2,0,2],"20":[1,0],"21":[1,1],"22":[0,0],"23":[0,0],"24":[0,0],"25":[0,0],"26":[0,0],"27":[0,0],"28":[0,0]},"f":{"1":2,"2":2,"3":2,"4":2,"5":2,"6":2,"7":3,"8":3,"9":3,"10":1,"11":6,"12":0},"fnMap":{"1":{"name":"(anonymous_1)","line":26,"loc":{"start":{"line":26,"column":1},"end":{"line":26,"column":13}}},"2":{"name":"(anonymous_2)","line":33,"loc":{"start":{"line":33,"column":5},"end":{"line":33,"column":17}}},"3":{"name":"(anonymous_3)","line":37,"loc":{"start":{"line":37,"column":24},"end":{"line":37,"column":36}}},"4":{"name":"(anonymous_4)","line":69,"loc":{"start":{"line":69,"column":31},"end":{"line":69,"column":48}},"skip":true},"5":{"name":"(anonymous_5)","line":78,"loc":{"start":{"line":78,"column":26},"end":{"line":78,"column":45}},"skip":true},"6":{"name":"(anonymous_6)","line":123,"loc":{"start":{"line":123,"column":33},"end":{"line":123,"column":48}},"skip":true},"7":{"name":"(anonymous_7)","line":125,"loc":{"start":{"line":125,"column":27},"end":{"line":125,"column":39}},"skip":true},"8":{"name":"(anonymous_8)","line":133,"loc":{"start":{"line":133,"column":59},"end":{"line":133,"column":74}},"skip":true},"9":{"name":"(anonymous_9)","line":143,"loc":{"start":{"line":143,"column":45},"end":{"line":143,"column":62}},"skip":true},"10":{"name":"(anonymous_10)","line":144,"loc":{"start":{"line":144,"column":73},"end":{"line":144,"column":92}},"skip":true},"11":{"name":"(anonymous_11)","line":272,"loc":{"start":{"line":272,"column":51},"end":{"line":272,"column":77}},"skip":true},"12":{"name":"(anonymous_12)","line":315,"loc":{"start":{"line":315,"column":32},"end":{"line":315,"column":61}},"skip":true}},"statementMap":{"1":{"start":{"line":26,"column":0},"end":{"line":326,"column":5}},"2":{"start":{"line":28,"column":4},"end":{"line":28,"column":14}},"3":{"start":{"line":33,"column":4},"end":{"line":60,"column":9}},"4":{"start":{"line":35,"column":8},"end":{"line":35,"column":19}},"5":{"start":{"line":37,"column":8},"end":{"line":49,"column":13}},"6":{"start":{"line":38,"column":12},"end":{"line":48,"column":13}},"7":{"start":{"line":39,"column":16},"end":{"line":42,"column":30}},"8":{"start":{"line":44,"column":16},"end":{"line":47,"column":27}},"9":{"start":{"line":51,"column":8},"end":{"line":53,"column":21}},"10":{"start":{"line":55,"column":8},"end":{"line":57,"column":45}},"11":{"start":{"line":59,"column":8},"end":{"line":59,"column":35}},"12":{"start":{"line":61,"column":4},"end":{"line":325,"column":5}},"13":{"start":{"line":69,"column":8},"end":{"line":121,"column":10},"skip":true},"14":{"start":{"line":70,"column":12},"end":{"line":88,"column":13},"skip":true},"15":{"start":{"line":76,"column":16},"end":{"line":87,"column":19},"skip":true},"16":{"start":{"line":79,"column":20},"end":{"line":86,"column":21},"skip":true},"17":{"start":{"line":82,"column":24},"end":{"line":82,"column":43},"skip":true},"18":{"start":{"line":83,"column":24},"end":{"line":83,"column":30},"skip":true},"19":{"start":{"line":85,"column":24},"end":{"line":85,"column":49},"skip":true},"20":{"start":{"line":89,"column":12},"end":{"line":107,"column":13},"skip":true},"21":{"start":{"line":92,"column":16},"end":{"line":102,"column":17},"skip":true},"22":{"start":{"line":93,"column":20},"end":{"line":93,"column":86},"skip":true},"23":{"start":{"line":94,"column":20},"end":{"line":95,"column":45},"skip":true},"24":{"start":{"line":96,"column":20},"end":{"line":96,"column":42},"skip":true},"25":{"start":{"line":97,"column":20},"end":{"line":97,"column":48},"skip":true},"26":{"start":{"line":100,"column":20},"end":{"line":100,"column":85},"skip":true},"27":{"start":{"line":101,"column":20},"end":{"line":101,"column":96},"skip":true},"28":{"start":{"line":103,"column":16},"end":{"line":103,"column":22},"skip":true},"29":{"start":{"line":106,"column":16},"end":{"line":106,"column":22},"skip":true},"30":{"start":{"line":108,"column":12},"end":{"line":120,"column":13},"skip":true},"31":{"start":{"line":114,"column":16},"end":{"line":119,"column":17},"skip":true},"32":{"start":{"line":116,"column":20},"end":{"line":116,"column":78},"skip":true},"33":{"start":{"line":118,"column":20},"end":{"line":118,"column":47},"skip":true},"34":{"start":{"line":123,"column":8},"end":{"line":141,"column":11},"skip":true},"35":{"start":{"line":124,"column":12},"end":{"line":124,"column":54},"skip":true},"36":{"start":{"line":125,"column":12},"end":{"line":140,"column":14},"skip":true},"37":{"start":{"line":126,"column":16},"end":{"line":126,"column":28},"skip":true},"38":{"start":{"line":127,"column":16},"end":{"line":127,"column":69},"skip":true},"39":{"start":{"line":128,"column":16},"end":{"line":128,"column":75},"skip":true},"40":{"start":{"line":129,"column":16},"end":{"line":131,"column":17},"skip":true},"41":{"start":{"line":130,"column":20},"end":{"line":130,"column":27},"skip":true},"42":{"start":{"line":133,"column":16},"end":{"line":137,"column":36},"skip":true},"43":{"start":{"line":134,"column":20},"end":{"line":136,"column":55},"skip":true},"44":{"start":{"line":139,"column":16},"end":{"line":139,"column":57},"skip":true},"45":{"start":{"line":143,"column":8},"end":{"line":147,"column":11},"skip":true},"46":{"start":{"line":144,"column":12},"end":{"line":146,"column":15},"skip":true},"47":{"start":{"line":145,"column":16},"end":{"line":145,"column":70},"skip":true},"48":{"start":{"line":149,"column":8},"end":{"line":149,"column":31},"skip":true},"49":{"start":{"line":150,"column":8},"end":{"line":150,"column":14},"skip":true},"50":{"start":{"line":158,"column":8},"end":{"line":158,"column":31},"skip":true},"51":{"start":{"line":160,"column":8},"end":{"line":160,"column":33},"skip":true},"52":{"start":{"line":161,"column":8},"end":{"line":161,"column":37},"skip":true},"53":{"start":{"line":162,"column":8},"end":{"line":162,"column":35},"skip":true},"54":{"start":{"line":164,"column":8},"end":{"line":164,"column":50},"skip":true},"55":{"start":{"line":166,"column":8},"end":{"line":256,"column":2},"skip":true},"56":{"start":{"line":258,"column":8},"end":{"line":286,"column":9},"skip":true},"57":{"start":{"line":259,"column":12},"end":{"line":269,"column":14},"skip":true},"58":{"start":{"line":271,"column":12},"end":{"line":285,"column":19},"skip":true},"59":{"start":{"line":274,"column":20},"end":{"line":274,"column":35},"skip":true},"60":{"start":{"line":275,"column":20},"end":{"line":284,"column":21},"skip":true},"61":{"start":{"line":277,"column":24},"end":{"line":277,"column":64},"skip":true},"62":{"start":{"line":279,"column":24},"end":{"line":279,"column":40},"skip":true},"63":{"start":{"line":281,"column":24},"end":{"line":281,"column":40},"skip":true},"64":{"start":{"line":283,"column":24},"end":{"line":283,"column":39},"skip":true},"65":{"start":{"line":288,"column":8},"end":{"line":290,"column":9},"skip":true},"66":{"start":{"line":289,"column":12},"end":{"line":289,"column":18},"skip":true},"67":{"start":{"line":291,"column":8},"end":{"line":293,"column":54},"skip":true},"68":{"start":{"line":296,"column":8},"end":{"line":301,"column":37},"skip":true},"69":{"start":{"line":303,"column":8},"end":{"line":303,"column":82},"skip":true},"70":{"start":{"line":306,"column":8},"end":{"line":308,"column":9},"skip":true},"71":{"start":{"line":307,"column":12},"end":{"line":307,"column":82},"skip":true},"72":{"start":{"line":310,"column":8},"end":{"line":312,"column":9},"skip":true},"73":{"start":{"line":311,"column":12},"end":{"line":311,"column":18},"skip":true},"74":{"start":{"line":313,"column":8},"end":{"line":313,"column":54},"skip":true},"75":{"start":{"line":314,"column":8},"end":{"line":314,"column":69},"skip":true},"76":{"start":{"line":315,"column":8},"end":{"line":323,"column":36},"skip":true},"77":{"start":{"line":316,"column":12},"end":{"line":316,"column":61},"skip":true},"78":{"start":{"line":317,"column":12},"end":{"line":320,"column":13},"skip":true},"79":{"start":{"line":318,"column":16},"end":{"line":318,"column":75},"skip":true},"80":{"start":{"line":319,"column":16},"end":{"line":319,"column":23},"skip":true},"81":{"start":{"line":321,"column":12},"end":{"line":321,"column":38},"skip":true},"82":{"start":{"line":322,"column":12},"end":{"line":322,"column":27},"skip":true},"83":{"start":{"line":324,"column":8},"end":{"line":324,"column":14},"skip":true}},"branchMap":{"1":{"line":39,"type":"binary-expr","locations":[{"start":{"line":39,"column":23},"end":{"line":39,"column":62}},{"start":{"line":40,"column":20},"end":{"line":40,"column":70}},{"start":{"line":41,"column":20},"end":{"line":41,"column":71}},{"start":{"line":42,"column":20},"end":{"line":42,"column":29}}]},"2":{"line":44,"type":"binary-expr","locations":[{"start":{"line":44,"column":23},"end":{"line":44,"column":37}},{"start":{"line":45,"column":20},"end":{"line":45,"column":61}},{"start":{"line":46,"column":20},"end":{"line":46,"column":70}},{"start":{"line":47,"column":20},"end":{"line":47,"column":26}}]},"3":{"line":51,"type":"cond-expr","locations":[{"start":{"line":52,"column":14},"end":{"line":52,"column":20}},{"start":{"line":53,"column":14},"end":{"line":53,"column":20}}]},"4":{"line":55,"type":"binary-expr","locations":[{"start":{"line":55,"column":16},"end":{"line":55,"column":44}},{"start":{"line":55,"column":49},"end":{"line":57,"column":43}}]},"5":{"line":55,"type":"cond-expr","locations":[{"start":{"line":56,"column":14},"end":{"line":56,"column":52}},{"start":{"line":57,"column":14},"end":{"line":57,"column":43}}]},"6":{"line":61,"type":"switch","locations":[{"start":{"line":68,"column":4},"end":{"line":150,"column":14},"skip":true},{"start":{"line":156,"column":4},"end":{"line":324,"column":14},"skip":true}]},"7":{"line":70,"type":"if","locations":[{"start":{"line":70,"column":12},"end":{"line":70,"column":12},"skip":true},{"start":{"line":70,"column":12},"end":{"line":70,"column":12},"skip":true}]},"8":{"line":70,"type":"binary-expr","locations":[{"start":{"line":70,"column":16},"end":{"line":70,"column":22},"skip":true},{"start":{"line":70,"column":27},"end":{"line":70,"column":32},"skip":true},{"start":{"line":71,"column":20},"end":{"line":71,"column":39},"skip":true},{"start":{"line":72,"column":20},"end":{"line":72,"column":49},"skip":true},{"start":{"line":73,"column":20},"end":{"line":73,"column":58},"skip":true},{"start":{"line":74,"column":20},"end":{"line":74,"column":69},"skip":true}]},"9":{"line":79,"type":"switch","locations":[{"start":{"line":80,"column":20},"end":{"line":80,"column":33},"skip":true},{"start":{"line":81,"column":20},"end":{"line":83,"column":30},"skip":true},{"start":{"line":84,"column":20},"end":{"line":85,"column":49},"skip":true}]},"10":{"line":89,"type":"switch","locations":[{"start":{"line":90,"column":12},"end":{"line":103,"column":22},"skip":true},{"start":{"line":105,"column":12},"end":{"line":106,"column":22},"skip":true}]},"11":{"line":89,"type":"binary-expr","locations":[{"start":{"line":89,"column":20},"end":{"line":89,"column":25},"skip":true},{"start":{"line":89,"column":29},"end":{"line":89,"column":48},"skip":true},{"start":{"line":89,"column":52},"end":{"line":89,"column":74},"skip":true}]},"12":{"line":92,"type":"if","locations":[{"start":{"line":92,"column":16},"end":{"line":92,"column":16},"skip":true},{"start":{"line":92,"column":16},"end":{"line":92,"column":16},"skip":true}]},"13":{"line":108,"type":"if","locations":[{"start":{"line":108,"column":12},"end":{"line":108,"column":12},"skip":true},{"start":{"line":108,"column":12},"end":{"line":108,"column":12},"skip":true}]},"14":{"line":108,"type":"binary-expr","locations":[{"start":{"line":108,"column":16},"end":{"line":108,"column":61},"skip":true},{"start":{"line":108,"column":66},"end":{"line":108,"column":72},"skip":true},{"start":{"line":108,"column":77},"end":{"line":108,"column":82},"skip":true},{"start":{"line":109,"column":20},"end":{"line":109,"column":39},"skip":true},{"start":{"line":110,"column":20},"end":{"line":110,"column":49},"skip":true},{"start":{"line":111,"column":20},"end":{"line":111,"column":58},"skip":true},{"start":{"line":112,"column":20},"end":{"line":112,"column":68},"skip":true}]},"15":{"line":129,"type":"if","locations":[{"start":{"line":129,"column":16},"end":{"line":129,"column":16},"skip":true},{"start":{"line":129,"column":16},"end":{"line":129,"column":16},"skip":true}]},"16":{"line":134,"type":"cond-expr","locations":[{"start":{"line":135,"column":26},"end":{"line":135,"column":29},"skip":true},{"start":{"line":136,"column":26},"end":{"line":136,"column":54},"skip":true}]},"17":{"line":164,"type":"binary-expr","locations":[{"start":{"line":164,"column":27},"end":{"line":164,"column":43},"skip":true},{"start":{"line":164,"column":47},"end":{"line":164,"column":49},"skip":true}]},"18":{"line":258,"type":"if","locations":[{"start":{"line":258,"column":8},"end":{"line":258,"column":8},"skip":true},{"start":{"line":258,"column":8},"end":{"line":258,"column":8},"skip":true}]},"19":{"line":275,"type":"switch","locations":[{"start":{"line":276,"column":20},"end":{"line":277,"column":64},"skip":true},{"start":{"line":278,"column":20},"end":{"line":279,"column":40},"skip":true},{"start":{"line":280,"column":20},"end":{"line":281,"column":40},"skip":true},{"start":{"line":282,"column":20},"end":{"line":283,"column":39},"skip":true}]},"20":{"line":288,"type":"if","locations":[{"start":{"line":288,"column":8},"end":{"line":288,"column":8},"skip":true},{"start":{"line":288,"column":8},"end":{"line":288,"column":8},"skip":true}]},"21":{"line":288,"type":"binary-expr","locations":[{"start":{"line":288,"column":12},"end":{"line":288,"column":40},"skip":true},{"start":{"line":288,"column":44},"end":{"line":288,"column":67},"skip":true}]},"22":{"line":292,"type":"binary-expr","locations":[{"start":{"line":292,"column":12},"end":{"line":292,"column":50},"skip":true},{"start":{"line":293,"column":12},"end":{"line":293,"column":53},"skip":true}]},"23":{"line":297,"type":"binary-expr","locations":[{"start":{"line":297,"column":12},"end":{"line":297,"column":66},"skip":true},{"start":{"line":298,"column":12},"end":{"line":301,"column":36},"skip":true}]},"24":{"line":303,"type":"binary-expr","locations":[{"start":{"line":303,"column":43},"end":{"line":303,"column":75},"skip":true},{"start":{"line":303,"column":79},"end":{"line":303,"column":81},"skip":true}]},"25":{"line":306,"type":"if","locations":[{"start":{"line":306,"column":8},"end":{"line":306,"column":8},"skip":true},{"start":{"line":306,"column":8},"end":{"line":306,"column":8},"skip":true}]},"26":{"line":310,"type":"if","locations":[{"start":{"line":310,"column":8},"end":{"line":310,"column":8},"skip":true},{"start":{"line":310,"column":8},"end":{"line":310,"column":8},"skip":true}]},"27":{"line":313,"type":"binary-expr","locations":[{"start":{"line":313,"column":27},"end":{"line":313,"column":43},"skip":true},{"start":{"line":313,"column":47},"end":{"line":313,"column":53},"skip":true}]},"28":{"line":317,"type":"if","locations":[{"start":{"line":317,"column":12},"end":{"line":317,"column":12},"skip":true},{"start":{"line":317,"column":12},"end":{"line":317,"column":12},"skip":true}]}},"code":["/*","example.js","","quickstart example","","instruction","    1. save this script as example.js","    2. run the shell command:","        $ npm install npmtest-axe-core && PORT=8081 node example.js","    3. play with the browser-demo on http://127.0.0.1:8081","*/","","","","/* istanbul instrument in package npmtest_axe_core */","/*jslint","    bitwise: true,","    browser: true,","    maxerr: 8,","    maxlen: 96,","    node: true,","    nomen: true,","    regexp: true,","    stupid: true","*/","(function () {","    'use strict';","    var local;","","","","    // run shared js-env code - pre-init","    (function () {","        // init local","        local = {};","        // init modeJs","        local.modeJs = (function () {","            try {","                return typeof navigator.userAgent === 'string' &&","                    typeof document.querySelector('body') === 'object' &&","                    typeof XMLHttpRequest.prototype.open === 'function' &&","                    'browser';","            } catch (errorCaughtBrowser) {","                return module.exports &&","                    typeof process.versions.node === 'string' &&","                    typeof require('http').createServer === 'function' &&","                    'node';","            }","        }());","        // init global","        local.global = local.modeJs === 'browser'","            ? window","            : global;","        // init utility2_rollup","        local = local.global.utility2_rollup || (local.modeJs === 'browser'","            ? local.global.utility2_npmtest_axe_core","            : global.utility2_moduleExports);","        // export local","        local.global.local = local;","    }());","    switch (local.modeJs) {","","","","    // post-init","    // run browser js-env code - post-init","    /* istanbul ignore next */","    case 'browser':","        local.testRunBrowser = function (event) {","            if (!event || (event &&","                    event.currentTarget &&","                    event.currentTarget.className &&","                    event.currentTarget.className.includes &&","                    event.currentTarget.className.includes('onreset'))) {","                // reset output","                Array.from(","                    document.querySelectorAll('body > .resettable')","                ).forEach(function (element) {","                    switch (element.tagName) {","                    case 'INPUT':","                    case 'TEXTAREA':","                        element.value = '';","                        break;","                    default:","                        element.textContent = '';","                    }","                });","            }","            switch (event && event.currentTarget && event.currentTarget.id) {","            case 'testRunButton1':","                // show tests","                if (document.querySelector('#testReportDiv1').style.display === 'none') {","                    document.querySelector('#testReportDiv1').style.display = 'block';","                    document.querySelector('#testRunButton1').textContent =","                        'hide internal test';","                    local.modeTest = true;","                    local.testRunDefault(local);","                // hide tests","                } else {","                    document.querySelector('#testReportDiv1').style.display = 'none';","                    document.querySelector('#testRunButton1').textContent = 'run internal test';","                }","                break;","            // custom-case","            default:","                break;","            }","            if (document.querySelector('#inputTextareaEval1') && (!event || (event &&","                    event.currentTarget &&","                    event.currentTarget.className &&","                    event.currentTarget.className.includes &&","                    event.currentTarget.className.includes('oneval')))) {","                // try to eval input-code","                try {","                    /*jslint evil: true*/","                    eval(document.querySelector('#inputTextareaEval1').value);","                } catch (errorCaught) {","                    console.error(errorCaught);","                }","            }","        };","        // log stderr and stdout to #outputTextareaStdout1","        ['error', 'log'].forEach(function (key) {","            console[key + '_original'] = console[key];","            console[key] = function () {","                var element;","                console[key + '_original'].apply(console, arguments);","                element = document.querySelector('#outputTextareaStdout1');","                if (!element) {","                    return;","                }","                // append text to #outputTextareaStdout1","                element.value += Array.from(arguments).map(function (arg) {","                    return typeof arg === 'string'","                        ? arg","                        : JSON.stringify(arg, null, 4);","                }).join(' ') + '\\n';","                // scroll textarea to bottom","                element.scrollTop = element.scrollHeight;","            };","        });","        // init event-handling","        ['change', 'click', 'keyup'].forEach(function (event) {","            Array.from(document.querySelectorAll('.on' + event)).forEach(function (element) {","                element.addEventListener(event, local.testRunBrowser);","            });","        });","        // run tests","        local.testRunBrowser();","        break;","","","","    // run node js-env code - post-init","    /* istanbul ignore next */","    case 'node':","        // export local","        module.exports = local;","        // require modules","        local.fs = require('fs');","        local.http = require('http');","        local.url = require('url');","        // init assets","        local.assetsDict = local.assetsDict || {};","        /* jslint-ignore-begin */","        local.assetsDict['/assets.index.template.html'] = '\\","<!doctype html>\\n\\","<html lang=\"en\">\\n\\","<head>\\n\\","<meta charset=\"UTF-8\">\\n\\","<meta name=\"viewport\" content=\"width=device-width, initial-scale=1\">\\n\\","<title>{{env.npm_package_name}} (v{{env.npm_package_version}})</title>\\n\\","<style>\\n\\","/*csslint\\n\\","    box-sizing: false,\\n\\","    universal-selector: false\\n\\","*/\\n\\","* {\\n\\","    box-sizing: border-box;\\n\\","}\\n\\","body {\\n\\","    background: #dde;\\n\\","    font-family: Arial, Helvetica, sans-serif;\\n\\","    margin: 2rem;\\n\\","}\\n\\","body > * {\\n\\","    margin-bottom: 1rem;\\n\\","}\\n\\",".utility2FooterDiv {\\n\\","    margin-top: 20px;\\n\\","    text-align: center;\\n\\","}\\n\\","</style>\\n\\","<style>\\n\\","/*csslint\\n\\","*/\\n\\","textarea {\\n\\","    font-family: monospace;\\n\\","    height: 10rem;\\n\\","    width: 100%;\\n\\","}\\n\\","textarea[readonly] {\\n\\","    background: #ddd;\\n\\","}\\n\\","</style>\\n\\","</head>\\n\\","<body>\\n\\","<!-- utility2-comment\\n\\","<div id=\"ajaxProgressDiv1\" style=\"background: #d00; height: 2px; left: 0; margin: 0; padding: 0; position: fixed; top: 0; transition: background 0.5s, width 1.5s; width: 25%;\"></div>\\n\\","utility2-comment -->\\n\\","<h1>\\n\\","<!-- utility2-comment\\n\\","    <a\\n\\","        {{#if env.npm_package_homepage}}\\n\\","        href=\"{{env.npm_package_homepage}}\"\\n\\","        {{/if env.npm_package_homepage}}\\n\\","        target=\"_blank\"\\n\\","    >\\n\\","utility2-comment -->\\n\\","        {{env.npm_package_name}} (v{{env.npm_package_version}})\\n\\","<!-- utility2-comment\\n\\","    </a>\\n\\","utility2-comment -->\\n\\","</h1>\\n\\","<h3>{{env.npm_package_description}}</h3>\\n\\","<!-- utility2-comment\\n\\","<h4><a download href=\"assets.app.js\">download standalone app</a></h4>\\n\\","<button class=\"onclick onreset\" id=\"testRunButton1\">run internal test</button><br>\\n\\","<div id=\"testReportDiv1\" style=\"display: none;\"></div>\\n\\","utility2-comment -->\\n\\","\\n\\","\\n\\","\\n\\","<label>stderr and stdout</label>\\n\\","<textarea class=\"resettable\" id=\"outputTextareaStdout1\" readonly></textarea>\\n\\","<!-- utility2-comment\\n\\","{{#if isRollup}}\\n\\","<script src=\"assets.app.js\"></script>\\n\\","{{#unless isRollup}}\\n\\","utility2-comment -->\\n\\","<script src=\"assets.utility2.rollup.js\"></script>\\n\\","<script src=\"jsonp.utility2._stateInit?callback=window.utility2._stateInit\"></script>\\n\\","<script src=\"assets.npmtest_axe_core.rollup.js\"></script>\\n\\","<script src=\"assets.example.js\"></script>\\n\\","<script src=\"assets.test.js\"></script>\\n\\","<!-- utility2-comment\\n\\","{{/if isRollup}}\\n\\","utility2-comment -->\\n\\","<div class=\"utility2FooterDiv\">\\n\\","    [ this app was created with\\n\\","    <a href=\"https://github.com/kaizhu256/node-utility2\" target=\"_blank\">utility2</a>\\n\\","    ]\\n\\","</div>\\n\\","</body>\\n\\","</html>\\n\\","';","        /* jslint-ignore-end */","        if (local.templateRender) {","            local.assetsDict['/'] = local.templateRender(","                local.assetsDict['/assets.index.template.html'],","                {","                    env: local.objectSetDefault(local.env, {","                        npm_package_description: 'the greatest app in the world!',","                        npm_package_name: 'my-app',","                        npm_package_nameAlias: 'my_app',","                        npm_package_version: '0.0.1'","                    })","                }","            );","        } else {","            local.assetsDict['/'] = local.assetsDict['/assets.index.template.html']","                .replace((/\\{\\{env\\.(\\w+?)\\}\\}/g), function (match0, match1) {","                    // jslint-hack","                    String(match0);","                    switch (match1) {","                    case 'npm_package_description':","                        return 'the greatest app in the world!';","                    case 'npm_package_name':","                        return 'my-app';","                    case 'npm_package_nameAlias':","                        return 'my_app';","                    case 'npm_package_version':","                        return '0.0.1';","                    }","                });","        }","        // run the cli","        if (local.global.utility2_rollup || module !== require.main) {","            break;","        }","        local.assetsDict['/assets.example.js'] =","            local.assetsDict['/assets.example.js'] ||","            local.fs.readFileSync(__filename, 'utf8');","        // bug-workaround - long $npm_package_buildCustomOrg","        /* jslint-ignore-begin */","        local.assetsDict['/assets.npmtest_axe_core.rollup.js'] =","            local.assetsDict['/assets.npmtest_axe_core.rollup.js'] ||","            local.fs.readFileSync(","                local.npmtest_axe_core.__dirname + '/lib.npmtest_axe_core.js',","                'utf8'","            ).replace((/^#!/), '//');","        /* jslint-ignore-end */","        local.assetsDict['/favicon.ico'] = local.assetsDict['/favicon.ico'] || '';","        // if $npm_config_timeout_exit exists,","        // then exit this process after $npm_config_timeout_exit ms","        if (Number(process.env.npm_config_timeout_exit)) {","            setTimeout(process.exit, Number(process.env.npm_config_timeout_exit));","        }","        // start server","        if (local.global.utility2_serverHttp1) {","            break;","        }","        process.env.PORT = process.env.PORT || '8081';","        console.error('server starting on port ' + process.env.PORT);","        local.http.createServer(function (request, response) {","            request.urlParsed = local.url.parse(request.url);","            if (local.assetsDict[request.urlParsed.pathname] !== undefined) {","                response.end(local.assetsDict[request.urlParsed.pathname]);","                return;","            }","            response.statusCode = 404;","            response.end();","        }).listen(process.env.PORT);","        break;","    }","}());",""],"l":{"26":2,"28":2,"33":2,"35":2,"37":2,"38":2,"39":2,"44":1,"51":2,"55":2,"59":2,"61":2,"69":1,"70":2,"76":2,"79":2,"82":2,"83":2,"85":1,"89":2,"92":1,"93":1,"94":1,"96":1,"97":1,"100":1,"101":1,"103":1,"106":1,"108":2,"114":1,"116":1,"118":1,"123":1,"124":2,"125":2,"126":3,"127":3,"128":3,"129":3,"130":1,"133":3,"134":3,"139":3,"143":1,"144":3,"145":1,"149":1,"150":1,"158":1,"160":1,"161":1,"162":1,"164":1,"166":1,"258":1,"259":1,"271":1,"274":6,"275":6,"277":1,"279":2,"281":1,"283":2,"288":1,"289":1,"291":1,"296":1,"303":1,"306":1,"307":1,"310":1,"311":1,"313":1,"314":1,"315":1,"316":1,"317":1,"318":1,"319":1,"321":1,"322":1,"324":1}},"/home/travis/build/npmtest/node-npmtest-axe-core/node_modules/axe-core/axe.js":{"path":"/home/travis/build/npmtest/node-npmtest-axe-core/node_modules/axe-core/axe.js","s":{"1":1,"2":1,"3":1,"4":1,"5":1,"6":1,"7":0,"8":1,"9":1,"10":1,"11":0,"12":0,"13":1,"14":1,"15":1,"16":1,"17":0,"18":1,"19":1,"20":1,"21":1,"22":1,"23":1,"24":1,"25":0,"26":0,"27":1,"28":1,"29":1,"30":1,"31":1,"32":0,"33":1,"34":1,"35":1,"36":1,"37":1,"38":1,"39":2,"40":2,"41":122,"42":1,"43":1,"44":1,"45":1,"46":1,"47":1,"48":1,"49":1,"50":1,"51":1,"52":1,"53":1,"54":1,"55":1,"56":1,"57":1,"58":1,"59":1,"60":1,"61":1,"62":1,"63":0,"64":1,"65":55,"66":0,"67":55,"68":55,"69":0,"70":55,"71":1,"72":67,"73":67,"74":0,"75":0,"76":0,"77":0,"78":0,"79":0,"80":67,"81":0,"82":67,"83":1,"84":0,"85":0,"86":0,"87":0,"88":0,"89":0,"90":0,"91":0,"92":0,"93":0,"94":0,"95":0,"96":0,"97":1,"98":0,"99":0,"100":0,"101":0,"102":1,"103":55,"104":1485,"105":1,"106":0,"107":0,"108":0,"109":0,"110":0,"111":0,"112":0,"113":0,"114":0,"115":0,"116":0,"117":0,"118":0,"119":0,"120":0,"121":0,"122":0,"123":0,"124":0,"125":0,"126":0,"127":0,"128":0,"129":0,"130":1,"131":0,"132":0,"133":0,"134":0,"135":0,"136":1,"137":1,"138":1,"139":1,"140":55,"141":55,"142":1,"143":0,"144":1,"145":1,"146":0,"147":0,"148":0,"149":0,"150":1,"151":1,"152":87,"153":0,"154":87,"155":1,"156":67,"157":67,"158":67,"159":1,"160":1,"161":0,"162":0,"163":0,"164":0,"165":0,"166":0,"167":0,"168":0,"169":0,"170":0,"171":0,"172":0,"173":0,"174":0,"175":0,"176":1,"177":67,"178":67,"179":134,"180":6,"181":67,"182":134,"183":75,"184":1,"185":1,"186":0,"187":0,"188":1,"189":0,"190":0,"191":0,"192":0,"193":0,"194":1,"195":0,"196":0,"197":0,"198":0,"199":0,"200":0,"201":0,"202":0,"203":0,"204":0,"205":0,"206":0,"207":0,"208":0,"209":1,"210":0,"211":0,"212":0,"213":0,"214":0,"215":0,"216":0,"217":0,"218":0,"219":0,"220":1,"221":0,"222":0,"223":0,"224":0,"225":0,"226":0,"227":0,"228":0,"229":0,"230":0,"231":0,"232":0,"233":0,"234":1,"235":0,"236":0,"237":0,"238":0,"239":0,"240":0,"241":0,"242":1,"243":0,"244":0,"245":0,"246":0,"247":0,"248":0,"249":0,"250":0,"251":0,"252":0,"253":0,"254":0,"255":0,"256":0,"257":0,"258":0,"259":0,"260":1,"261":1,"262":0,"263":0,"264":0,"265":0,"266":0,"267":1,"268":1,"269":55,"270":55,"271":55,"272":55,"273":55,"274":55,"275":55,"276":55,"277":55,"278":55,"279":55,"280":12,"281":1,"282":0,"283":1,"284":0,"285":0,"286":0,"287":0,"288":0,"289":1,"290":0,"291":0,"292":0,"293":0,"294":0,"295":0,"296":0,"297":0,"298":0,"299":0,"300":0,"301":1,"302":0,"303":0,"304":0,"305":0,"306":0,"307":0,"308":0,"309":0,"310":0,"311":0,"312":0,"313":0,"314":0,"315":0,"316":0,"317":0,"318":0,"319":0,"320":0,"321":0,"322":0,"323":0,"324":0,"325":0,"326":0,"327":0,"328":0,"329":0,"330":0,"331":0,"332":1,"333":0,"334":0,"335":0,"336":1,"337":0,"338":0,"339":0,"340":0,"341":0,"342":0,"343":0,"344":1,"345":0,"346":0,"347":1,"348":0,"349":0,"350":0,"351":0,"352":0,"353":0,"354":0,"355":0,"356":0,"357":0,"358":0,"359":0,"360":0,"361":0,"362":1,"363":0,"364":0,"365":0,"366":0,"367":0,"368":0,"369":0,"370":0,"371":0,"372":0,"373":0,"374":1,"375":0,"376":0,"377":0,"378":0,"379":0,"380":0,"381":0,"382":0,"383":0,"384":0,"385":0,"386":0,"387":0,"388":0,"389":0,"390":0,"391":0,"392":0,"393":0,"394":0,"395":1,"396":1,"397":1,"398":1,"399":1,"400":4,"401":4,"402":4,"403":4,"404":4,"405":4,"406":4,"407":4,"408":4,"409":4,"410":1,"411":1,"412":1,"413":1,"414":1,"415":1,"416":1,"417":0,"418":0,"419":1,"420":0,"421":0,"422":1,"423":1,"424":0,"425":0,"426":1,"427":0,"428":0,"429":0,"430":0,"431":0,"432":0,"433":0,"434":0,"435":0,"436":0,"437":0,"438":0,"439":0,"440":0,"441":1,"442":1,"443":0,"444":0,"445":0,"446":0,"447":0,"448":0,"449":0,"450":0,"451":0,"452":0,"453":0,"454":0,"455":0,"456":0,"457":0,"458":0,"459":0,"460":0,"461":0,"462":1,"463":1,"464":1,"465":0,"466":0,"467":0,"468":0,"469":0,"470":0,"471":0,"472":0,"473":0,"474":0,"475":0,"476":0,"477":0,"478":0,"479":0,"480":0,"481":0,"482":1,"483":1,"484":1,"485":0,"486":0,"487":0,"488":0,"489":0,"490":0,"491":0,"492":0,"493":1,"494":1,"495":0,"496":0,"497":0,"498":0,"499":0,"500":0,"501":0,"502":0,"503":0,"504":0,"505":0,"506":0,"507":0,"508":0,"509":1,"510":1,"511":0,"512":1,"513":1,"514":1,"515":1,"516":1,"517":1,"518":0,"519":0,"520":0,"521":0,"522":0,"523":1,"524":0,"525":1,"526":0,"527":1,"528":0,"529":0,"530":0,"531":0,"532":0,"533":0,"534":0,"535":1,"536":0,"537":1,"538":0,"539":1,"540":1,"541":1,"542":1,"543":0,"544":0,"545":0,"546":0,"547":0,"548":1,"549":5,"550":5,"551":1,"552":1,"553":1,"554":0,"555":0,"556":0,"557":0,"558":1,"559":1,"560":1,"561":0,"562":0,"563":0,"564":0,"565":0,"566":0,"567":0,"568":0,"569":0,"570":0,"571":0,"572":0,"573":0,"574":0,"575":0,"576":0,"577":0,"578":0,"579":0,"580":0,"581":1,"582":1,"583":1,"584":0,"585":0,"586":1,"587":0,"588":0,"589":0,"590":0,"591":0,"592":1,"593":1,"594":0,"595":0,"596":0,"597":0,"598":0,"599":0,"600":0,"601":0,"602":0,"603":0,"604":0,"605":0,"606":0,"607":0,"608":0,"609":1,"610":0,"611":0,"612":0,"613":0,"614":0,"615":0,"616":0,"617":0,"618":0,"619":0,"620":0,"621":0,"622":0,"623":0,"624":0,"625":0,"626":0,"627":0,"628":0,"629":0,"630":0,"631":0,"632":0,"633":0,"634":0,"635":0,"636":0,"637":0,"638":0,"639":0,"640":1,"641":1,"642":0,"643":0,"644":0,"645":0,"646":0,"647":0,"648":0,"649":0,"650":0,"651":0,"652":0,"653":1,"654":1,"655":0,"656":0,"657":1,"658":0,"659":0,"660":0,"661":0,"662":0,"663":0,"664":0,"665":0,"666":0,"667":0,"668":1,"669":1,"670":0,"671":0,"672":0,"673":0,"674":0,"675":0,"676":0,"677":0,"678":0,"679":0,"680":0,"681":0,"682":0,"683":0,"684":0,"685":0,"686":0,"687":0,"688":0,"689":0,"690":0,"691":0,"692":0,"693":1,"694":1,"695":0,"696":0,"697":0,"698":0,"699":0,"700":1,"701":1,"702":0,"703":0,"704":0,"705":0,"706":0,"707":1,"708":1,"709":0,"710":0,"711":0,"712":0,"713":1,"714":1,"715":0,"716":0,"717":0,"718":0,"719":0,"720":0,"721":0,"722":0,"723":1,"724":1,"725":0,"726":0,"727":0,"728":0,"729":0,"730":1,"731":1,"732":0,"733":0,"734":0,"735":0,"736":0,"737":0,"738":1,"739":1,"740":1,"741":1,"742":1,"743":1,"744":1,"745":0,"746":0,"747":0,"748":0,"749":1,"750":0,"751":0,"752":0,"753":0,"754":0,"755":0,"756":0,"757":0,"758":0,"759":0,"760":0,"761":0,"762":0,"763":0,"764":0,"765":0,"766":0,"767":0,"768":0,"769":0,"770":0,"771":0,"772":0,"773":0,"774":0,"775":0,"776":0,"777":1,"778":1,"779":0,"780":0,"781":0,"782":0,"783":0,"784":1,"785":0,"786":0,"787":0,"788":0,"789":0,"790":0,"791":0,"792":0,"793":0,"794":0,"795":0,"796":0,"797":1,"798":1,"799":1,"800":0,"801":0,"802":0,"803":0,"804":0,"805":0,"806":0,"807":0,"808":0,"809":0,"810":0,"811":0,"812":0,"813":0,"814":0,"815":0,"816":0,"817":0,"818":0,"819":0,"820":0,"821":0,"822":1,"823":1,"824":0,"825":0,"826":0,"827":0,"828":0,"829":0,"830":0,"831":0,"832":0,"833":0,"834":0,"835":0,"836":1,"837":1,"838":1,"839":0,"840":0,"841":0,"842":0,"843":0,"844":0,"845":0,"846":0,"847":0,"848":0,"849":0,"850":1,"851":1,"852":0,"853":0,"854":1,"855":3175,"856":3175,"857":996,"858":464,"859":464,"860":1381,"861":532,"862":532,"863":1793,"864":3175,"865":1,"866":1,"867":0,"868":1,"869":0,"870":0,"871":0,"872":0,"873":0,"874":0,"875":0,"876":0,"877":0,"878":0,"879":0,"880":0,"881":0,"882":0,"883":0,"884":0,"885":0,"886":0,"887":0,"888":0,"889":0,"890":1,"891":0,"892":0,"893":0,"894":0,"895":0,"896":0,"897":0,"898":0,"899":0,"900":0,"901":0,"902":0,"903":1,"904":1,"905":1,"906":0,"907":0,"908":0,"909":1,"910":1,"911":0,"912":0,"913":0,"914":0,"915":0,"916":1,"917":0,"918":0,"919":0,"920":0,"921":1,"922":0,"923":0,"924":0,"925":0,"926":0,"927":1,"928":0,"929":1,"930":0,"931":0,"932":0,"933":1,"934":1,"935":1,"936":1,"937":1,"938":0,"939":0,"940":0,"941":0,"942":0,"943":1,"944":0,"945":0,"946":0,"947":1,"948":1,"949":0,"950":0,"951":0,"952":0,"953":0,"954":0,"955":0,"956":0,"957":0,"958":0,"959":0,"960":0,"961":0,"962":0,"963":0,"964":0,"965":0,"966":0,"967":0,"968":0,"969":0,"970":1,"971":1,"972":0,"973":0,"974":0,"975":0,"976":0,"977":0,"978":1,"979":1,"980":0,"981":0,"982":0,"983":1,"984":1,"985":0,"986":0,"987":1,"988":0,"989":0,"990":0,"991":1,"992":1,"993":0,"994":0,"995":1,"996":1,"997":0,"998":0,"999":0,"1000":0,"1001":0,"1002":0,"1003":0,"1004":0,"1005":0,"1006":0,"1007":0,"1008":0,"1009":0,"1010":0,"1011":0,"1012":1,"1013":1,"1014":0,"1015":0,"1016":0,"1017":0,"1018":0,"1019":0,"1020":0,"1021":1,"1022":0,"1023":0,"1024":0,"1025":0,"1026":0,"1027":0,"1028":0,"1029":0,"1030":0,"1031":1,"1032":1,"1033":0,"1034":0,"1035":0,"1036":0,"1037":0,"1038":0,"1039":0,"1040":0,"1041":0,"1042":0,"1043":0,"1044":0,"1045":0,"1046":0,"1047":0,"1048":0,"1049":0,"1050":0,"1051":0,"1052":0,"1053":0,"1054":1,"1055":1,"1056":0,"1057":0,"1058":0,"1059":0,"1060":0,"1061":0,"1062":0,"1063":0,"1064":0,"1065":0,"1066":0,"1067":0,"1068":0,"1069":0,"1070":0,"1071":0,"1072":0,"1073":0,"1074":0,"1075":0,"1076":0,"1077":0,"1078":0,"1079":0,"1080":0,"1081":0,"1082":0,"1083":0,"1084":0,"1085":0,"1086":0,"1087":0,"1088":0,"1089":0,"1090":0,"1091":1,"1092":0,"1093":0,"1094":0,"1095":0,"1096":1,"1097":0,"1098":0,"1099":1,"1100":1,"1101":1,"1102":0,"1103":0,"1104":0,"1105":0,"1106":0,"1107":0,"1108":0,"1109":0,"1110":0,"1111":0,"1112":0,"1113":0,"1114":0,"1115":0,"1116":0,"1117":1,"1118":1,"1119":1,"1120":0,"1121":0,"1122":0,"1123":0,"1124":0,"1125":0,"1126":1,"1127":1,"1128":0,"1129":0,"1130":0,"1131":0,"1132":0,"1133":0,"1134":0,"1135":0,"1136":0,"1137":1,"1138":0,"1139":0,"1140":0,"1141":0,"1142":0,"1143":0,"1144":0,"1145":0,"1146":1,"1147":0,"1148":0,"1149":0,"1150":0,"1151":0,"1152":0,"1153":0,"1154":1,"1155":0,"1156":0,"1157":0,"1158":0,"1159":0,"1160":0,"1161":0,"1162":0,"1163":0,"1164":0,"1165":0,"1166":0,"1167":0,"1168":0,"1169":1,"1170":1,"1171":0,"1172":0,"1173":0,"1174":0,"1175":0,"1176":1,"1177":1,"1178":0,"1179":0,"1180":0,"1181":0,"1182":0,"1183":0,"1184":0,"1185":0,"1186":0,"1187":0,"1188":0,"1189":0,"1190":1,"1191":0,"1192":0,"1193":0,"1194":0,"1195":0,"1196":0,"1197":0,"1198":0,"1199":0,"1200":0,"1201":0,"1202":0,"1203":0,"1204":0,"1205":1,"1206":0,"1207":0,"1208":0,"1209":0,"1210":0,"1211":0,"1212":0,"1213":0,"1214":0,"1215":0,"1216":0,"1217":0,"1218":0,"1219":0,"1220":0,"1221":0,"1222":0,"1223":0,"1224":0,"1225":0,"1226":0,"1227":0,"1228":0,"1229":0,"1230":0,"1231":1,"1232":0,"1233":1,"1234":0,"1235":0,"1236":0,"1237":0,"1238":0,"1239":0,"1240":0,"1241":0,"1242":0,"1243":0,"1244":0,"1245":0,"1246":0,"1247":0,"1248":0,"1249":0,"1250":0,"1251":0,"1252":0,"1253":1,"1254":0,"1255":0,"1256":0,"1257":0,"1258":0,"1259":0,"1260":0,"1261":0,"1262":0,"1263":0,"1264":0,"1265":0,"1266":1,"1267":1,"1268":0,"1269":0,"1270":0,"1271":0,"1272":0,"1273":0,"1274":0,"1275":1,"1276":0,"1277":0,"1278":0,"1279":0,"1280":0,"1281":0,"1282":0,"1283":0,"1284":0,"1285":0,"1286":0,"1287":1,"1288":1,"1289":0,"1290":0,"1291":1,"1292":1,"1293":1,"1294":0,"1295":0,"1296":1,"1297":0,"1298":0,"1299":0,"1300":0,"1301":0,"1302":0,"1303":0,"1304":0,"1305":0,"1306":0,"1307":0,"1308":0,"1309":1,"1310":0,"1311":0,"1312":0,"1313":0,"1314":0,"1315":0,"1316":1,"1317":0,"1318":0,"1319":0,"1320":1,"1321":0,"1322":0,"1323":0,"1324":0,"1325":0,"1326":0,"1327":0,"1328":0,"1329":0,"1330":0,"1331":0,"1332":0,"1333":0,"1334":0,"1335":0,"1336":0,"1337":0,"1338":0,"1339":0,"1340":0,"1341":0,"1342":0,"1343":0,"1344":0,"1345":0,"1346":0,"1347":0,"1348":0,"1349":0,"1350":0,"1351":0,"1352":0,"1353":0,"1354":0,"1355":0,"1356":0,"1357":0,"1358":0,"1359":1,"1360":1,"1361":1,"1362":3063,"1363":0,"1364":1,"1365":1,"1366":1,"1367":0,"1368":0,"1369":0,"1370":0,"1371":0,"1372":0,"1373":0,"1374":1,"1375":0,"1376":0,"1377":0,"1378":0,"1379":1,"1380":0,"1381":0,"1382":0,"1383":0,"1384":0,"1385":0,"1386":0,"1387":0,"1388":1,"1389":0,"1390":0,"1391":1,"1392":2,"1393":1,"1394":0,"1395":0,"1396":1,"1397":0,"1398":0,"1399":1,"1400":0,"1401":0,"1402":0,"1403":0,"1404":0,"1405":1,"1406":0,"1407":0,"1408":0,"1409":0,"1410":0,"1411":1,"1412":0,"1413":0,"1414":0,"1415":0,"1416":0,"1417":0,"1418":0,"1419":0,"1420":0,"1421":0,"1422":0,"1423":1,"1424":0,"1425":0,"1426":0,"1427":0,"1428":0,"1429":0,"1430":0,"1431":0,"1432":0,"1433":0,"1434":0,"1435":0,"1436":0,"1437":0,"1438":0,"1439":0,"1440":0,"1441":1,"1442":1,"1443":1,"1444":0,"1445":0,"1446":0,"1447":0,"1448":0,"1449":0,"1450":0,"1451":0,"1452":0,"1453":0,"1454":0,"1455":0,"1456":0,"1457":0,"1458":0,"1459":0,"1460":0,"1461":0,"1462":1,"1463":0,"1464":0,"1465":0,"1466":0,"1467":0,"1468":0,"1469":0,"1470":0,"1471":0,"1472":0,"1473":0,"1474":1,"1475":1,"1476":0,"1477":0,"1478":0,"1479":0,"1480":1,"1481":0,"1482":0,"1483":0,"1484":0,"1485":0,"1486":0,"1487":0,"1488":1,"1489":0,"1490":0,"1491":0,"1492":1,"1493":0,"1494":0,"1495":0,"1496":0,"1497":0,"1498":0,"1499":0,"1500":1,"1501":1,"1502":0,"1503":1,"1504":1,"1505":1,"1506":1,"1507":1,"1508":1,"1509":0,"1510":0,"1511":0,"1512":0,"1513":1,"1514":1,"1515":1,"1516":1,"1517":16,"1518":4,"1519":16,"1520":1,"1521":1,"1522":1,"1523":1,"1524":1,"1525":256,"1526":256,"1527":1,"1528":0,"1529":0,"1530":0,"1531":0,"1532":0,"1533":0,"1534":0,"1535":0,"1536":1,"1537":0,"1538":0,"1539":1,"1540":1,"1541":1,"1542":1,"1543":1,"1544":0,"1545":0,"1546":0,"1547":0,"1548":0,"1549":0,"1550":0,"1551":0,"1552":0,"1553":0,"1554":0,"1555":0,"1556":0,"1557":0,"1558":0,"1559":0,"1560":0,"1561":0,"1562":0,"1563":0,"1564":0,"1565":0,"1566":0,"1567":0,"1568":0,"1569":0,"1570":0,"1571":0,"1572":0,"1573":0,"1574":0,"1575":0,"1576":0,"1577":1,"1578":0,"1579":0,"1580":0,"1581":0,"1582":0,"1583":0,"1584":0,"1585":0,"1586":0,"1587":0,"1588":0,"1589":0,"1590":1,"1591":1,"1592":1,"1593":1,"1594":1,"1595":1,"1596":1,"1597":1,"1598":0,"1599":0,"1600":0,"1601":0,"1602":0,"1603":0,"1604":0,"1605":0,"1606":0,"1607":0,"1608":0,"1609":0,"1610":0,"1611":0,"1612":0,"1613":0,"1614":0,"1615":0,"1616":0,"1617":0,"1618":0,"1619":0,"1620":0,"1621":0,"1622":0,"1623":0,"1624":0,"1625":0,"1626":0,"1627":0,"1628":0,"1629":0,"1630":0,"1631":0,"1632":0,"1633":0,"1634":0,"1635":0,"1636":0,"1637":0,"1638":0,"1639":0,"1640":0,"1641":0,"1642":0,"1643":0,"1644":0,"1645":0,"1646":0,"1647":0,"1648":0,"1649":0,"1650":0,"1651":0,"1652":0,"1653":0,"1654":0,"1655":0,"1656":0,"1657":0,"1658":0,"1659":0,"1660":0,"1661":0,"1662":0,"1663":0,"1664":0,"1665":0,"1666":0,"1667":0,"1668":0,"1669":0,"1670":0,"1671":0,"1672":0,"1673":0,"1674":0,"1675":0,"1676":0,"1677":0,"1678":0,"1679":0,"1680":0,"1681":0,"1682":0,"1683":0,"1684":0,"1685":0,"1686":0,"1687":0,"1688":0,"1689":0,"1690":0,"1691":0,"1692":0,"1693":0,"1694":0,"1695":0,"1696":0,"1697":0,"1698":0,"1699":0,"1700":0,"1701":0,"1702":0,"1703":0,"1704":0,"1705":0,"1706":0,"1707":0,"1708":0,"1709":0,"1710":0,"1711":0,"1712":0,"1713":0,"1714":0,"1715":0,"1716":0,"1717":0,"1718":0,"1719":0,"1720":0,"1721":0,"1722":0,"1723":0,"1724":0,"1725":0,"1726":0,"1727":0,"1728":0,"1729":0,"1730":0,"1731":0,"1732":0,"1733":0,"1734":0,"1735":0,"1736":0,"1737":0,"1738":0,"1739":0,"1740":0,"1741":0,"1742":0,"1743":0,"1744":0,"1745":0,"1746":0,"1747":0,"1748":0,"1749":0,"1750":0,"1751":0,"1752":0,"1753":0,"1754":0,"1755":0,"1756":0,"1757":0,"1758":0,"1759":0,"1760":0,"1761":0,"1762":0,"1763":0,"1764":0,"1765":0,"1766":0,"1767":0,"1768":0,"1769":0,"1770":0,"1771":0,"1772":0,"1773":0,"1774":0,"1775":0,"1776":0,"1777":0,"1778":0,"1779":0,"1780":0,"1781":0,"1782":0,"1783":0,"1784":0,"1785":0,"1786":0,"1787":0,"1788":0,"1789":0,"1790":0,"1791":0,"1792":0,"1793":0,"1794":0,"1795":0,"1796":0,"1797":0,"1798":0,"1799":0,"1800":0,"1801":0,"1802":0,"1803":0,"1804":0,"1805":0,"1806":0,"1807":0,"1808":0,"1809":0,"1810":0,"1811":0,"1812":0,"1813":0,"1814":0,"1815":0,"1816":0,"1817":0,"1818":0,"1819":0,"1820":0,"1821":0,"1822":0,"1823":0,"1824":0,"1825":0,"1826":0,"1827":0,"1828":0,"1829":0,"1830":0,"1831":0,"1832":0,"1833":0,"1834":0,"1835":0,"1836":0,"1837":0,"1838":0,"1839":0,"1840":0,"1841":0,"1842":0,"1843":0,"1844":0,"1845":0,"1846":0,"1847":0,"1848":0,"1849":0,"1850":0,"1851":0,"1852":0,"1853":0,"1854":0,"1855":0,"1856":0,"1857":0,"1858":0,"1859":0,"1860":0,"1861":0,"1862":0,"1863":0,"1864":0,"1865":0,"1866":0,"1867":0,"1868":0,"1869":0,"1870":0,"1871":0,"1872":0,"1873":0,"1874":0,"1875":0,"1876":0,"1877":0,"1878":0,"1879":0,"1880":0,"1881":0,"1882":0,"1883":0,"1884":0,"1885":0,"1886":0,"1887":0,"1888":0,"1889":0,"1890":0,"1891":0,"1892":0,"1893":0,"1894":0,"1895":0,"1896":0,"1897":0,"1898":0,"1899":0,"1900":0,"1901":0,"1902":0,"1903":0,"1904":0,"1905":0,"1906":0,"1907":0,"1908":0,"1909":0,"1910":0,"1911":0,"1912":0,"1913":0,"1914":0,"1915":0,"1916":0,"1917":0,"1918":0,"1919":0,"1920":0,"1921":0,"1922":0,"1923":0,"1924":0,"1925":0,"1926":0,"1927":0,"1928":0,"1929":0,"1930":0,"1931":0,"1932":0,"1933":0,"1934":0,"1935":0,"1936":0,"1937":0,"1938":0,"1939":0,"1940":0,"1941":0,"1942":0,"1943":0,"1944":0,"1945":0,"1946":0,"1947":0,"1948":0,"1949":0,"1950":0,"1951":0,"1952":0,"1953":0,"1954":0,"1955":0,"1956":0,"1957":0,"1958":0,"1959":0,"1960":0,"1961":0,"1962":0,"1963":0,"1964":0,"1965":0,"1966":0,"1967":0,"1968":0,"1969":0,"1970":0,"1971":0,"1972":0,"1973":0,"1974":0,"1975":0,"1976":0,"1977":0,"1978":0,"1979":0,"1980":0,"1981":0,"1982":0,"1983":0,"1984":0,"1985":0,"1986":0,"1987":0,"1988":0,"1989":0,"1990":0,"1991":0,"1992":0,"1993":0,"1994":0,"1995":0,"1996":0,"1997":0,"1998":0,"1999":0,"2000":0,"2001":0,"2002":0,"2003":0,"2004":0,"2005":0,"2006":0,"2007":0,"2008":0,"2009":0,"2010":0,"2011":0,"2012":0,"2013":0,"2014":0,"2015":0,"2016":0,"2017":0,"2018":0,"2019":0,"2020":0,"2021":0,"2022":0,"2023":0,"2024":0,"2025":0,"2026":0,"2027":0,"2028":0,"2029":0,"2030":0,"2031":0,"2032":0,"2033":0,"2034":0,"2035":0,"2036":0,"2037":0,"2038":0,"2039":0,"2040":0,"2041":0,"2042":1,"2043":0,"2044":0,"2045":0,"2046":0,"2047":0,"2048":0,"2049":0,"2050":1,"2051":0,"2052":0,"2053":0,"2054":0,"2055":0,"2056":0,"2057":0,"2058":1,"2059":0,"2060":0,"2061":0,"2062":0,"2063":0,"2064":0,"2065":0,"2066":0,"2067":0,"2068":0,"2069":0,"2070":0,"2071":0,"2072":0,"2073":0,"2074":0,"2075":0,"2076":0,"2077":0,"2078":0,"2079":0,"2080":0,"2081":0,"2082":0,"2083":0,"2084":0,"2085":0,"2086":1,"2087":0,"2088":0,"2089":1,"2090":0,"2091":0,"2092":0,"2093":0,"2094":0,"2095":0,"2096":0,"2097":0,"2098":0,"2099":0,"2100":0,"2101":0,"2102":1,"2103":0,"2104":0,"2105":0,"2106":0,"2107":0,"2108":0,"2109":0,"2110":0,"2111":0,"2112":0,"2113":0,"2114":0,"2115":0,"2116":0,"2117":0,"2118":0,"2119":0,"2120":0,"2121":0,"2122":0,"2123":0,"2124":0,"2125":0,"2126":0,"2127":0,"2128":0,"2129":0,"2130":0,"2131":0,"2132":0,"2133":0,"2134":0,"2135":0,"2136":0,"2137":0,"2138":0,"2139":0,"2140":0,"2141":0,"2142":0,"2143":0,"2144":0,"2145":0,"2146":0,"2147":0,"2148":0,"2149":0,"2150":0,"2151":0,"2152":0,"2153":0,"2154":0,"2155":0,"2156":0,"2157":0,"2158":0,"2159":0,"2160":0,"2161":1,"2162":0,"2163":0,"2164":0,"2165":0,"2166":1,"2167":0,"2168":0,"2169":0,"2170":0,"2171":0,"2172":0,"2173":0,"2174":0,"2175":0,"2176":0,"2177":0,"2178":0,"2179":0,"2180":0,"2181":0,"2182":0,"2183":0,"2184":0,"2185":0,"2186":0,"2187":0,"2188":0,"2189":0,"2190":0,"2191":0,"2192":1,"2193":0,"2194":1,"2195":0,"2196":0,"2197":0,"2198":0,"2199":0,"2200":0,"2201":0,"2202":0,"2203":0,"2204":0,"2205":0,"2206":0,"2207":0,"2208":0,"2209":0,"2210":1,"2211":0,"2212":0,"2213":0,"2214":0,"2215":0,"2216":0,"2217":0,"2218":0,"2219":0,"2220":0,"2221":0,"2222":0,"2223":0,"2224":1,"2225":0,"2226":0,"2227":1,"2228":0,"2229":0,"2230":0,"2231":0,"2232":0,"2233":0,"2234":0,"2235":0,"2236":0,"2237":0,"2238":0,"2239":0,"2240":0,"2241":0,"2242":0,"2243":0,"2244":0,"2245":0,"2246":0,"2247":0,"2248":0,"2249":0,"2250":0,"2251":0,"2252":0,"2253":0,"2254":0,"2255":0,"2256":0,"2257":0,"2258":0,"2259":0,"2260":0,"2261":0,"2262":0,"2263":0,"2264":0,"2265":0,"2266":0,"2267":0,"2268":0,"2269":0,"2270":0,"2271":0,"2272":0,"2273":0,"2274":0,"2275":0,"2276":0,"2277":0,"2278":0,"2279":0,"2280":0,"2281":0,"2282":0,"2283":0,"2284":0,"2285":0,"2286":0,"2287":0,"2288":0,"2289":0,"2290":0,"2291":0,"2292":0,"2293":0,"2294":0,"2295":0,"2296":0,"2297":0,"2298":0,"2299":0,"2300":0,"2301":0,"2302":0,"2303":0,"2304":0,"2305":0,"2306":0,"2307":0,"2308":0,"2309":0,"2310":0,"2311":0,"2312":0,"2313":0,"2314":0,"2315":0,"2316":0,"2317":0,"2318":0,"2319":0,"2320":0,"2321":0,"2322":0,"2323":0,"2324":0,"2325":0,"2326":0,"2327":0,"2328":0,"2329":0,"2330":0,"2331":0,"2332":0,"2333":0,"2334":0,"2335":0,"2336":0,"2337":0,"2338":0,"2339":0,"2340":0,"2341":0,"2342":1,"2343":0,"2344":0,"2345":0,"2346":0,"2347":0,"2348":0,"2349":0,"2350":0,"2351":0,"2352":0,"2353":0,"2354":0,"2355":0,"2356":0,"2357":0,"2358":0,"2359":0,"2360":0,"2361":0,"2362":0,"2363":0,"2364":0,"2365":0,"2366":0,"2367":0,"2368":0,"2369":0,"2370":0,"2371":0,"2372":0,"2373":0,"2374":0,"2375":0,"2376":0,"2377":0,"2378":0,"2379":0,"2380":0,"2381":0,"2382":0,"2383":0,"2384":0,"2385":0,"2386":0,"2387":0,"2388":0,"2389":0,"2390":0,"2391":0,"2392":0,"2393":0,"2394":0,"2395":0,"2396":0,"2397":0,"2398":0,"2399":0,"2400":0,"2401":0,"2402":0,"2403":0,"2404":0,"2405":0,"2406":0,"2407":0,"2408":0,"2409":0,"2410":0,"2411":0,"2412":0,"2413":0,"2414":0,"2415":0,"2416":0,"2417":0,"2418":0,"2419":0,"2420":0,"2421":0,"2422":0,"2423":0,"2424":0,"2425":0,"2426":0,"2427":0,"2428":0,"2429":0,"2430":0,"2431":0,"2432":0,"2433":0,"2434":0,"2435":0,"2436":0,"2437":0,"2438":0,"2439":0,"2440":0,"2441":0,"2442":0,"2443":0,"2444":0,"2445":0,"2446":0,"2447":0,"2448":0,"2449":0,"2450":0,"2451":0,"2452":0,"2453":0,"2454":0,"2455":0,"2456":0,"2457":0,"2458":0,"2459":0,"2460":0,"2461":0,"2462":1,"2463":0,"2464":1,"2465":0,"2466":0,"2467":1,"2468":0,"2469":0,"2470":0,"2471":0,"2472":0,"2473":0,"2474":0,"2475":1,"2476":0,"2477":0,"2478":0,"2479":0,"2480":0,"2481":0,"2482":0,"2483":0,"2484":0,"2485":0,"2486":0,"2487":0,"2488":0,"2489":0,"2490":0,"2491":0,"2492":0,"2493":0,"2494":0,"2495":0,"2496":0,"2497":0,"2498":0,"2499":0,"2500":0,"2501":0,"2502":0,"2503":0,"2504":0,"2505":0,"2506":0,"2507":0,"2508":0,"2509":0,"2510":0,"2511":0,"2512":0,"2513":0,"2514":0,"2515":0,"2516":0,"2517":0,"2518":0,"2519":0,"2520":0,"2521":0,"2522":0,"2523":0,"2524":0,"2525":0,"2526":0,"2527":0,"2528":0,"2529":0,"2530":0,"2531":0,"2532":0,"2533":0,"2534":0,"2535":0,"2536":0,"2537":0,"2538":0,"2539":0,"2540":0,"2541":0,"2542":0,"2543":0,"2544":0,"2545":0,"2546":0,"2547":0,"2548":0,"2549":0,"2550":0,"2551":0,"2552":0,"2553":0,"2554":0,"2555":0,"2556":0,"2557":0,"2558":0,"2559":0,"2560":0,"2561":0,"2562":0,"2563":0,"2564":0,"2565":0,"2566":0,"2567":0,"2568":0,"2569":0,"2570":0,"2571":0,"2572":0,"2573":0,"2574":0,"2575":0,"2576":0,"2577":0,"2578":0,"2579":0,"2580":0,"2581":0,"2582":0,"2583":0,"2584":0,"2585":0,"2586":0,"2587":0,"2588":0,"2589":0,"2590":0,"2591":0,"2592":0,"2593":0,"2594":0,"2595":0,"2596":0,"2597":0,"2598":0,"2599":0,"2600":0,"2601":0,"2602":0,"2603":0,"2604":0,"2605":0,"2606":0,"2607":0,"2608":0,"2609":0,"2610":0,"2611":0,"2612":0,"2613":0,"2614":0,"2615":0,"2616":0,"2617":0,"2618":0,"2619":0,"2620":0,"2621":0,"2622":0,"2623":0,"2624":0,"2625":0,"2626":0,"2627":0,"2628":0,"2629":0,"2630":0,"2631":0,"2632":0,"2633":0,"2634":0,"2635":0,"2636":0,"2637":0,"2638":0,"2639":0,"2640":0,"2641":0,"2642":0,"2643":0,"2644":0,"2645":0,"2646":0,"2647":1,"2648":1,"2649":1,"2650":1,"2651":1,"2652":1,"2653":1,"2654":1,"2655":1,"2656":1,"2657":1,"2658":1,"2659":0,"2660":0,"2661":1,"2662":0,"2663":0,"2664":1,"2665":0,"2666":1,"2667":0,"2668":0,"2669":0,"2670":0,"2671":0,"2672":0,"2673":0,"2674":0,"2675":0,"2676":0,"2677":0,"2678":0,"2679":0,"2680":0,"2681":0,"2682":0,"2683":1,"2684":0,"2685":0,"2686":0,"2687":0,"2688":0,"2689":0,"2690":0,"2691":0,"2692":0,"2693":0,"2694":0,"2695":0,"2696":0,"2697":1,"2698":0,"2699":0,"2700":0,"2701":1,"2702":0,"2703":0,"2704":1,"2705":0,"2706":0,"2707":1,"2708":0,"2709":0,"2710":1,"2711":0,"2712":0,"2713":0,"2714":0,"2715":1,"2716":0,"2717":0,"2718":0,"2719":0,"2720":1,"2721":0,"2722":0,"2723":0,"2724":0,"2725":1,"2726":0,"2727":0,"2728":0,"2729":0,"2730":0,"2731":0,"2732":0,"2733":0,"2734":0,"2735":0,"2736":1,"2737":0,"2738":0,"2739":0,"2740":0,"2741":0,"2742":0,"2743":0,"2744":0,"2745":0,"2746":0,"2747":0,"2748":0,"2749":0,"2750":0,"2751":0,"2752":0,"2753":0,"2754":0,"2755":0,"2756":0,"2757":0,"2758":0,"2759":0,"2760":0,"2761":0,"2762":0,"2763":0,"2764":0,"2765":0,"2766":0,"2767":0,"2768":0,"2769":0,"2770":0,"2771":0,"2772":0,"2773":0,"2774":0,"2775":0,"2776":0,"2777":1,"2778":0,"2779":0,"2780":0,"2781":0,"2782":0,"2783":0,"2784":1,"2785":0,"2786":0,"2787":0,"2788":0,"2789":0,"2790":0,"2791":0,"2792":1,"2793":0,"2794":0,"2795":0,"2796":1,"2797":0,"2798":0,"2799":1,"2800":0,"2801":0,"2802":0,"2803":0,"2804":0,"2805":0,"2806":0,"2807":0,"2808":0,"2809":0,"2810":0,"2811":0,"2812":0,"2813":0,"2814":0,"2815":0,"2816":0,"2817":0,"2818":1,"2819":1,"2820":1,"2821":0,"2822":0,"2823":0,"2824":0,"2825":0,"2826":1,"2827":0,"2828":0,"2829":0,"2830":0,"2831":0,"2832":0,"2833":0,"2834":1,"2835":0,"2836":0,"2837":0,"2838":0,"2839":0,"2840":0,"2841":0,"2842":0,"2843":0,"2844":0,"2845":1,"2846":0,"2847":0,"2848":0,"2849":0,"2850":0,"2851":0,"2852":0,"2853":0,"2854":0,"2855":0,"2856":0,"2857":0,"2858":0,"2859":0,"2860":0,"2861":0,"2862":0,"2863":0,"2864":0,"2865":1,"2866":0,"2867":0,"2868":0,"2869":0,"2870":0,"2871":0,"2872":0,"2873":0,"2874":0,"2875":0,"2876":0,"2877":0,"2878":0,"2879":0,"2880":0,"2881":0,"2882":0,"2883":0,"2884":0,"2885":0,"2886":0,"2887":0,"2888":1,"2889":0,"2890":0,"2891":1,"2892":0,"2893":0,"2894":0,"2895":0,"2896":0,"2897":0,"2898":0,"2899":0,"2900":0,"2901":0,"2902":0,"2903":1,"2904":0,"2905":0,"2906":0,"2907":0,"2908":0,"2909":0,"2910":0,"2911":0,"2912":0,"2913":0,"2914":0,"2915":1,"2916":0,"2917":0,"2918":0,"2919":0,"2920":0,"2921":0,"2922":0,"2923":0,"2924":1,"2925":0,"2926":0,"2927":0,"2928":0,"2929":0,"2930":0,"2931":0,"2932":0,"2933":0,"2934":0,"2935":1,"2936":0,"2937":0,"2938":1,"2939":0,"2940":0,"2941":0,"2942":0,"2943":0,"2944":0,"2945":1,"2946":0,"2947":0,"2948":0,"2949":0,"2950":0,"2951":0,"2952":0,"2953":1,"2954":0,"2955":0,"2956":0,"2957":0,"2958":0,"2959":0,"2960":1,"2961":0,"2962":0,"2963":0,"2964":0,"2965":0,"2966":0,"2967":0,"2968":0,"2969":0,"2970":0,"2971":0,"2972":0,"2973":1,"2974":0,"2975":0,"2976":0,"2977":0,"2978":1,"2979":0,"2980":0,"2981":0,"2982":0,"2983":0,"2984":0,"2985":1,"2986":1,"2987":0,"2988":0,"2989":1,"2990":0,"2991":0,"2992":0,"2993":0,"2994":0,"2995":0,"2996":0,"2997":0,"2998":0,"2999":0,"3000":0,"3001":0,"3002":0,"3003":0,"3004":0,"3005":0,"3006":0,"3007":0,"3008":0,"3009":0,"3010":0,"3011":0,"3012":0,"3013":0,"3014":0,"3015":0,"3016":0,"3017":0,"3018":0,"3019":0,"3020":0,"3021":1,"3022":0,"3023":1,"3024":0,"3025":0,"3026":0,"3027":0,"3028":0,"3029":0,"3030":0,"3031":0,"3032":0,"3033":0,"3034":1,"3035":0,"3036":0,"3037":0,"3038":0,"3039":1,"3040":0,"3041":0,"3042":0,"3043":0,"3044":0,"3045":0,"3046":0,"3047":0,"3048":0,"3049":0,"3050":0,"3051":1,"3052":0,"3053":0,"3054":0,"3055":0,"3056":1,"3057":0,"3058":0,"3059":0,"3060":0,"3061":0,"3062":0,"3063":0,"3064":0,"3065":0,"3066":0,"3067":0,"3068":0,"3069":0,"3070":1,"3071":0,"3072":0,"3073":0,"3074":0,"3075":0,"3076":0,"3077":0,"3078":0,"3079":0,"3080":0,"3081":1,"3082":0,"3083":0,"3084":0,"3085":0,"3086":0,"3087":0,"3088":1,"3089":0,"3090":0,"3091":0,"3092":0,"3093":0,"3094":0,"3095":0,"3096":0,"3097":1,"3098":0,"3099":0,"3100":0,"3101":0,"3102":0,"3103":0,"3104":0,"3105":0,"3106":0,"3107":1,"3108":0,"3109":0,"3110":0,"3111":0,"3112":0,"3113":0,"3114":0,"3115":0,"3116":0,"3117":0,"3118":0,"3119":0,"3120":0,"3121":0,"3122":0,"3123":0,"3124":0,"3125":0,"3126":0,"3127":0,"3128":0,"3129":0,"3130":0,"3131":0,"3132":1,"3133":0,"3134":1,"3135":0,"3136":0,"3137":0,"3138":1,"3139":0,"3140":0,"3141":0,"3142":0,"3143":0,"3144":0,"3145":0,"3146":0,"3147":0,"3148":0,"3149":0,"3150":0,"3151":0,"3152":0,"3153":0,"3154":0,"3155":0,"3156":0,"3157":0,"3158":0,"3159":0,"3160":0,"3161":0,"3162":0,"3163":0,"3164":0,"3165":0,"3166":0,"3167":0,"3168":0,"3169":0,"3170":0,"3171":0,"3172":0,"3173":0,"3174":0,"3175":0,"3176":0,"3177":0,"3178":0,"3179":0,"3180":0,"3181":0,"3182":0,"3183":0,"3184":0,"3185":0,"3186":0,"3187":0,"3188":0,"3189":0,"3190":0,"3191":0,"3192":0,"3193":0,"3194":0,"3195":0,"3196":0,"3197":0,"3198":0,"3199":0,"3200":0,"3201":0,"3202":0,"3203":0,"3204":0,"3205":1,"3206":0,"3207":0,"3208":0,"3209":0,"3210":0,"3211":1,"3212":0,"3213":1,"3214":0,"3215":0,"3216":0,"3217":0,"3218":0,"3219":0,"3220":0,"3221":0,"3222":0,"3223":0,"3224":0,"3225":0,"3226":0,"3227":0,"3228":0,"3229":1,"3230":1,"3231":1,"3232":0,"3233":0,"3234":0,"3235":0,"3236":0,"3237":0,"3238":0,"3239":0,"3240":0,"3241":0,"3242":0,"3243":1,"3244":0,"3245":0,"3246":0,"3247":0,"3248":0,"3249":0,"3250":0,"3251":0,"3252":0,"3253":0,"3254":0,"3255":0,"3256":0,"3257":0,"3258":0,"3259":1,"3260":1,"3261":1,"3262":1,"3263":0,"3264":0,"3265":0,"3266":0,"3267":0,"3268":0,"3269":0,"3270":1,"3271":0,"3272":1,"3273":0,"3274":0,"3275":1,"3276":0,"3277":1,"3278":0,"3279":1,"3280":0,"3281":0,"3282":0,"3283":0,"3284":0,"3285":0,"3286":0,"3287":0,"3288":0,"3289":0,"3290":0,"3291":0,"3292":0,"3293":0,"3294":0,"3295":0,"3296":0,"3297":1,"3298":0,"3299":0,"3300":0,"3301":0,"3302":1,"3303":0,"3304":0,"3305":0,"3306":0,"3307":0,"3308":0,"3309":1,"3310":0,"3311":0,"3312":1,"3313":0,"3314":1,"3315":0,"3316":0,"3317":1,"3318":0,"3319":0,"3320":0,"3321":0,"3322":0,"3323":0,"3324":0,"3325":0,"3326":0,"3327":0,"3328":0,"3329":0,"3330":1,"3331":0,"3332":0,"3333":0,"3334":0,"3335":0,"3336":0,"3337":0,"3338":0,"3339":0,"3340":0,"3341":0,"3342":0,"3343":0,"3344":0,"3345":0,"3346":0,"3347":0,"3348":0,"3349":0,"3350":0,"3351":0,"3352":0,"3353":0,"3354":0,"3355":0,"3356":0,"3357":1,"3358":0,"3359":0,"3360":0,"3361":0,"3362":0,"3363":0,"3364":0,"3365":0,"3366":0,"3367":0,"3368":0,"3369":0,"3370":0,"3371":0,"3372":0,"3373":0,"3374":0,"3375":0,"3376":0,"3377":0,"3378":0,"3379":0,"3380":0,"3381":0,"3382":0,"3383":0,"3384":0,"3385":0,"3386":0,"3387":0,"3388":0,"3389":0,"3390":0,"3391":0,"3392":1,"3393":0,"3394":0,"3395":0,"3396":0,"3397":0,"3398":0,"3399":0,"3400":0,"3401":0,"3402":0,"3403":0,"3404":0,"3405":0,"3406":0,"3407":1,"3408":0,"3409":1,"3410":0,"3411":0,"3412":0,"3413":0,"3414":0,"3415":0,"3416":0,"3417":0,"3418":0,"3419":0,"3420":1,"3421":0,"3422":1,"3423":0,"3424":1},"b":{"1":[1,0],
[...]
"2596":0,"2599":1,"2600":0,"2601":0,"2603":0,"2604":0,"2606":0,"2607":0,"2608":0,"2609":0,"2611":0,"2612":0,"2613":0,"2614":0,"2615":0,"2616":0,"2617":0,"2618":0,"2620":0,"2621":0,"2623":0,"2624":0,"2629":0,"2632":0,"2633":0,"2636":0,"2637":0,"2640":1,"2641":0,"2643":1,"2644":0,"2646":0,"2647":0,"2648":0,"2649":0,"2651":0,"2652":0,"2653":0,"2654":0,"2656":0,"2657":0,"2658":0,"2661":0,"2662":0,"2663":0,"2664":0,"2666":0,"2668":0,"2670":0,"2675":1,"2676":0,"2678":0,"2679":0,"2681":0,"2682":0,"2684":0,"2685":0,"2686":0,"2687":0,"2688":0,"2689":0,"2692":0,"2695":1,"2696":1,"2698":0,"2699":0,"2700":0,"2701":0,"2702":0,"2703":0,"2704":0,"2712":1,"2714":0,"2715":0,"2716":0,"2717":0,"2718":0,"2719":0,"2720":0,"2721":0,"2722":0,"2723":0,"2725":0,"2727":1,"2728":1,"2729":0,"2731":0,"2733":1,"2735":1,"2736":1,"2737":0,"2738":0,"2745":1,"2746":0,"2747":0,"2748":0,"2750":0,"2751":0,"2752":0,"2755":0,"2756":0,"2757":0,"2758":0,"2759":0,"2763":0,"2764":1,"2765":0,"2766":0,"2767":0,"2768":0,"2769":0,"2770":0,"2774":1,"2776":0,"2778":0,"2780":0,"2782":1,"2783":0,"2784":0,"2785":0,"2786":0,"2787":0,"2789":0,"2793":0,"2801":0,"2802":0,"2803":0,"2804":0,"2807":0,"2808":0,"2809":0,"2811":0,"2812":0,"2815":0,"2816":0,"2817":0,"2818":0,"2826":0,"2827":0,"2828":0,"2830":0,"2831":0,"2832":0,"2833":0,"2834":0,"2837":0,"2840":0,"2841":0,"2842":0,"2844":0,"2845":0,"2847":0,"2848":0,"2850":0,"2858":0,"2860":1,"2862":1,"2863":1,"2864":3063,"2866":0,"2869":1,"2871":1,"2876":1,"2877":0,"2878":0,"2879":0,"2881":0,"2882":0,"2884":0,"2885":0,"2893":1,"2894":0,"2896":0,"2899":0,"2901":0,"2914":1,"2915":0,"2916":0,"2917":0,"2922":0,"2924":0,"2933":0,"2934":0,"2936":0,"2946":1,"2947":0,"2948":0,"2958":1,"2959":2,"2965":1,"2966":0,"2967":0,"2977":1,"2978":0,"2979":0,"2989":1,"2990":0,"2991":0,"2992":0,"2993":0,"2994":0,"3002":1,"3003":0,"3004":0,"3005":0,"3006":0,"3008":0,"3015":1,"3016":0,"3017":0,"3018":0,"3020":0,"3021":0,"3023":0,"3024":0,"3026":0,"3027":0,"3029":0,"3031":0,"3033":1,"3034":0,"3036":0,"3037":0,"3038":0,"3040":0,"3041":0,"3042":0,"3043":0,"3044":0,"3045":0,"3046":0,"3047":0,"3048":0,"3051":0,"3052":0,"3053":0,"3055":0,"3060":1,"3062":1,"3070":1,"3073":0,"3074":0,"3076":0,"3078":0,"3079":0,"3080":0,"3081":0,"3083":0,"3084":0,"3087":0,"3089":0,"3090":0,"3093":0,"3094":0,"3096":0,"3097":0,"3098":0,"3101":0,"3111":1,"3113":0,"3114":0,"3116":0,"3117":0,"3119":0,"3120":0,"3122":0,"3123":0,"3125":0,"3126":0,"3128":0,"3134":1,"3141":1,"3143":0,"3144":0,"3145":0,"3147":0,"3157":1,"3159":0,"3160":0,"3162":0,"3163":0,"3165":0,"3166":0,"3168":0,"3177":1,"3179":0,"3180":0,"3181":0,"3191":1,"3193":0,"3194":0,"3195":0,"3196":0,"3197":0,"3199":0,"3201":0,"3203":1,"3209":1,"3211":0,"3213":1,"3220":1,"3221":1,"3225":1,"3227":1,"3228":1,"3232":0,"3233":0,"3234":0,"3235":0,"3238":1,"3243":1,"3244":1,"3245":1,"3246":16,"3247":4,"3249":16,"3251":1,"3255":1,"3257":1,"3258":1,"3259":1,"3260":256,"3261":256,"3264":1,"3265":0,"3266":0,"3267":0,"3268":0,"3270":0,"3274":0,"3275":0,"3277":0,"3280":1,"3281":0,"3282":0,"3289":1,"3291":1,"3293":1,"3295":1,"3297":1,"3298":0,"3299":0,"3300":0,"3301":0,"3306":0,"3309":0,"3311":0,"3313":0,"3314":0,"3318":0,"3319":0,"3322":0,"3323":0,"3325":0,"3326":0,"3327":0,"3329":0,"3331":0,"3332":0,"3333":0,"3334":0,"3335":0,"3337":0,"3338":0,"3339":0,"3341":0,"3343":0,"3345":0,"3347":0,"3349":0,"3350":0,"3351":0,"3353":0,"3357":1,"3359":0,"3360":0,"3361":0,"3362":0,"3364":0,"3365":0,"3367":0,"3368":0,"3370":0,"3371":0,"3372":0,"3375":0,"3378":1,"3379":1,"3380":1,"3381":1,"3382":1,"3383":1,"3385":1,"3386":1,"3615":0,"3616":0,"3619":0,"3620":0,"3628":0,"3629":0,"3632":0,"3633":0,"3641":0,"3642":0,"3645":0,"3646":0,"3654":0,"3655":0,"3658":0,"3659":0,"3667":0,"3668":0,"3671":0,"3672":0,"3680":0,"3681":0,"3684":0,"3685":0,"3686":0,"3687":0,"3688":0,"3689":0,"3690":0,"3693":0,"3701":0,"3702":0,"3705":0,"3706":0,"3707":0,"3708":0,"3709":0,"3710":0,"3711":0,"3714":0,"3722":0,"3723":0,"3726":0,"3727":0,"3728":0,"3729":0,"3730":0,"3731":0,"3732":0,"3735":0,"3743":0,"3744":0,"3747":0,"3748":0,"3749":0,"3750":0,"3751":0,"3752":0,"3753":0,"3756":0,"3764":0,"3765":0,"3768":0,"3769":0,"3777":0,"3778":0,"3781":0,"3782":0,"3790":0,"3791":0,"3794":0,"3795":0,"3796":0,"3797":0,"3798":0,"3799":0,"3800":0,"3803":0,"3811":0,"3812":0,"3815":0,"3816":0,"3817":0,"3818":0,"3819":0,"3820":0,"3821":0,"3824":0,"3832":0,"3833":0,"3836":0,"3837":0,"3845":0,"3846":0,"3849":0,"3850":0,"3858":0,"3859":0,"3860":0,"3862":0,"3864":0,"3867":0,"3868":0,"3876":0,"3877":0,"3880":0,"3881":0,"3889":0,"3890":0,"3893":0,"3894":0,"3902":0,"3903":0,"3906":0,"3907":0,"3915":0,"3916":0,"3919":0,"3920":0,"3928":0,"3929":0,"3932":0,"3933":0,"3941":0,"3942":0,"3945":0,"3946":0,"3954":0,"3955":0,"3958":0,"3959":0,"3967":0,"3968":0,"3971":0,"3972":0,"3980":0,"3981":0,"3984":0,"3985":0,"3993":0,"3994":0,"3997":0,"3998":0,"3999":0,"4000":0,"4002":0,"4003":0,"4005":0,"4006":0,"4008":0,"4009":0,"4011":0,"4012":0,"4014":0,"4020":0,"4028":0,"4029":0,"4030":0,"4032":0,"4034":0,"4037":0,"4038":0,"4046":0,"4047":0,"4050":0,"4051":0,"4059":0,"4060":0,"4063":0,"4064":0,"4072":0,"4073":0,"4076":0,"4077":0,"4085":0,"4086":0,"4089":0,"4090":0,"4098":0,"4099":0,"4102":0,"4103":0,"4111":0,"4112":0,"4115":0,"4116":0,"4124":0,"4125":0,"4128":0,"4129":0,"4137":0,"4138":0,"4141":0,"4142":0,"4150":0,"4151":0,"4154":0,"4155":0,"4163":0,"4164":0,"4167":0,"4168":0,"4176":0,"4177":0,"4180":0,"4181":0,"4189":0,"4190":0,"4193":0,"4194":0,"4202":0,"4203":0,"4206":0,"4207":0,"4215":0,"4216":0,"4219":0,"4220":0,"4228":0,"4229":0,"4232":0,"4233":0,"4241":0,"4242":0,"4245":0,"4246":0,"4254":0,"4255":0,"4258":0,"4259":0,"4267":0,"4268":0,"4271":0,"4272":0,"4280":0,"4281":0,"4284":0,"4285":0,"4293":0,"4294":0,"4297":0,"4298":0,"4306":0,"4307":0,"4310":0,"4311":0,"4319":0,"4320":0,"4323":0,"4324":0,"4332":0,"4333":0,"4336":0,"4337":0,"4345":0,"4346":0,"4349":0,"4350":0,"4358":0,"4359":0,"4362":0,"4363":0,"4371":0,"4372":0,"4375":0,"4376":0,"4384":0,"4385":0,"4388":0,"4389":0,"4397":0,"4398":0,"4401":0,"4402":0,"4410":0,"4411":0,"4414":0,"4415":0,"4423":0,"4424":0,"4427":0,"4428":0,"4436":0,"4437":0,"4440":0,"4441":0,"4449":0,"4450":0,"4453":0,"4454":0,"4462":0,"4463":0,"4466":0,"4467":0,"4475":0,"4476":0,"4479":0,"4480":0,"4488":0,"4489":0,"4492":0,"4493":0,"4501":0,"4502":0,"4505":0,"4506":0,"4514":0,"4515":0,"4518":0,"4519":0,"4527":0,"4528":0,"4531":0,"4532":0,"4540":0,"4541":0,"4544":0,"4545":0,"4553":0,"4554":0,"4555":0,"4556":0,"4557":0,"4558":0,"4559":0,"4562":0,"4567":0,"4568":0,"4569":0,"4570":0,"4571":0,"4572":0,"4573":0,"4576":0,"4600":0,"4601":0,"4602":0,"4604":0,"4605":0,"4606":0,"4607":0,"4608":0,"4609":0,"4610":0,"4611":0,"4616":0,"4653":0,"4654":0,"4655":0,"4656":0,"4657":0,"4658":0,"4662":0,"4674":0,"4675":0,"4676":0,"4677":0,"4678":0,"4679":0,"4683":0,"4720":0,"4737":0,"4738":0,"4739":0,"4741":0,"4742":0,"4744":0,"4745":0,"4747":0,"4748":0,"4750":0,"4751":0,"4753":0,"4754":0,"4757":0,"4759":0,"4760":0,"4761":0,"4763":0,"4764":0,"4765":0,"4769":0,"4770":0,"4771":0,"4772":0,"4775":0,"4776":0,"4778":0,"4779":0,"4780":0,"4781":0,"4782":0,"4785":0,"4786":0,"4787":0,"4789":0,"4790":0,"4793":0,"4822":0,"4848":0,"4849":0,"4935":0,"4945":0,"4946":0,"4947":0,"4949":0,"4950":0,"4952":0,"5089":0,"5099":0,"5100":0,"5101":0,"5103":0,"5120":0,"5156":0,"5161":0,"5162":0,"5163":0,"5164":0,"5166":0,"5167":0,"5168":0,"5169":0,"5170":0,"5171":0,"5172":0,"5176":0,"5177":0,"5178":0,"5180":0,"5185":0,"5190":0,"5191":0,"5192":0,"5193":0,"5194":0,"5195":0,"5196":0,"5197":0,"5202":0,"5203":0,"5204":0,"5206":0,"5211":0,"5212":1,"5213":0,"5214":0,"5216":0,"5217":0,"5218":0,"5220":0,"5221":0,"5223":1,"5224":0,"5225":0,"5226":0,"5227":0,"5229":0,"5230":0,"5233":0,"5235":1,"5236":0,"5237":0,"5238":0,"5239":0,"5240":0,"5241":0,"5244":0,"5245":0,"5249":0,"5250":0,"5252":0,"5253":0,"5255":0,"5257":0,"5258":0,"5259":0,"5260":0,"5262":0,"5263":0,"5264":0,"5265":0,"5266":0,"5268":0,"5269":0,"5270":0,"5272":0,"5273":0,"5278":1,"5279":0,"5280":0,"5282":1,"5283":0,"5284":0,"5285":0,"5287":0,"5288":0,"5290":0,"5291":0,"5292":0,"5294":0,"5296":0,"5298":0,"5301":0,"5303":1,"5304":0,"5305":0,"5306":0,"5307":0,"5308":0,"5309":0,"5312":0,"5314":0,"5316":0,"5317":0,"5318":0,"5320":0,"5321":0,"5322":0,"5323":0,"5324":0,"5325":0,"5329":0,"5330":0,"5335":0,"5336":0,"5337":0,"5338":0,"5339":0,"5340":0,"5341":0,"5342":0,"5345":0,"5346":0,"5347":0,"5349":0,"5355":0,"5356":0,"5357":0,"5358":0,"5359":0,"5360":0,"5361":0,"5364":0,"5365":0,"5366":0,"5368":0,"5374":0,"5375":0,"5377":0,"5378":0,"5380":0,"5381":0,"5383":0,"5384":0,"5385":0,"5386":0,"5387":0,"5388":0,"5395":0,"5396":0,"5398":0,"5404":0,"5405":1,"5406":0,"5407":0,"5408":0,"5410":0,"5411":1,"5412":0,"5413":0,"5415":0,"5416":0,"5418":0,"5419":0,"5420":0,"5423":0,"5424":0,"5427":0,"5428":0,"5429":0,"5430":0,"5431":0,"5433":0,"5434":0,"5435":0,"5437":0,"5438":0,"5442":0,"5443":0,"5444":0,"5445":0,"5449":0,"5454":0,"5455":1,"5456":0,"5458":1,"5459":0,"5460":0,"5461":0,"5462":0,"5463":0,"5465":0,"5466":0,"5467":0,"5468":0,"5470":0,"5471":0,"5472":0,"5473":0,"5474":0,"5476":0,"5478":1,"5479":0,"5480":0,"5482":0,"5483":0,"5484":0,"5485":0,"5486":0,"5488":0,"5489":0,"5490":0,"5491":0,"5492":0,"5494":0,"5496":1,"5497":0,"5498":0,"5501":1,"5502":0,"5503":0,"5504":0,"5505":0,"5507":0,"5508":0,"5509":0,"5510":0,"5511":0,"5512":0,"5514":0,"5516":0,"5520":0,"5521":0,"5522":0,"5524":0,"5525":0,"5528":0,"5529":0,"5531":0,"5532":0,"5534":0,"5535":0,"5536":0,"5537":0,"5538":0,"5539":0,"5541":0,"5542":0,"5544":0,"5545":0,"5547":0,"5549":0,"5555":0,"5559":0,"5560":0,"5561":0,"5564":0,"5565":0,"5566":0,"5568":0,"5569":0,"5572":0,"5573":0,"5577":0,"5578":0,"5579":0,"5580":0,"5581":0,"5582":0,"5583":0,"5584":0,"5587":0,"5593":0,"5594":0,"5595":0,"5597":0,"5600":0,"5601":0,"5602":0,"5603":0,"5605":0,"5606":0,"5607":0,"5608":0,"5609":0,"5611":0,"5612":0,"5614":0,"5615":0,"5621":0,"5622":0,"5623":0,"5625":0,"5630":0,"5635":0,"5636":0,"5637":0,"5638":0,"5640":0,"5641":0,"5642":0,"5643":0,"5644":0,"5647":0,"5652":0,"5653":0,"5654":0,"5655":0,"5658":0,"5663":0,"5664":0,"5665":0,"5667":0,"5668":0,"5669":0,"5670":0,"5671":0,"5672":0,"5676":0,"5682":0,"5683":0,"5684":0,"5686":0,"5691":0,"5692":0,"5693":0,"5694":0,"5696":0,"5698":0,"5699":0,"5704":0,"5705":0,"5710":0,"5716":1,"5717":0,"5719":0,"5720":0,"5721":0,"5722":0,"5723":0,"5724":0,"5726":0,"5729":0,"5730":0,"5732":0,"5734":0,"5735":0,"5736":0,"5738":0,"5743":0,"5748":0,"5749":0,"5750":0,"5752":0,"5753":0,"5754":0,"5757":0,"5762":0,"5763":0,"5765":0,"5770":0,"5771":0,"5772":0,"5773":0,"5774":0,"5775":0,"5777":0,"5778":0,"5782":0,"5783":0,"5785":0,"5786":0,"5791":0,"5792":0,"5793":0,"5794":0,"5795":0,"5796":0,"5798":0,"5799":0,"5803":0,"5804":0,"5806":0,"5811":0,"5812":0,"5813":0,"5815":0,"5816":0,"5817":0,"5818":0,"5819":0,"5821":0,"5822":0,"5824":0,"5825":0,"5828":0,"5833":0,"5838":0,"5843":0,"5844":0,"5845":0,"5846":0,"5847":0,"5848":0,"5849":0,"5852":0,"5853":0,"5855":0,"5856":0,"5858":0,"5859":0,"5861":0,"5870":0,"5871":0,"5872":0,"5873":0,"5874":0,"5875":0,"5876":0,"5879":0,"5880":0,"5882":0,"5883":0,"5885":0,"5886":0,"5888":0,"5896":0,"5901":0,"5902":0,"5903":0,"5904":0,"5906":0,"5907":0,"5908":0,"5909":0,"5911":0,"5914":0,"5915":0,"5917":0,"5918":0,"5919":0,"5920":0,"5922":0,"5924":0,"5929":0,"5930":0,"5931":0,"5933":0,"5938":0,"5943":0,"5948":0,"5949":0,"5955":0,"5956":1,"5957":0,"5959":1,"5960":0,"5961":0,"5963":1,"5964":0,"5965":0,"5967":0,"5968":0,"5970":0,"5971":0,"5973":0,"5975":1,"5976":0,"5977":0,"5978":0,"5980":0,"5981":0,"5983":0,"5986":0,"5987":0,"5988":0,"5991":0,"5996":0,"5999":0,"6004":0,"6005":0,"6006":0,"6009":0,"6010":0,"6011":0,"6013":0,"6014":0,"6016":0,"6021":0,"6022":0,"6027":0,"6028":0,"6029":0,"6035":0,"6036":0,"6037":0,"6038":0,"6039":0,"6040":0,"6041":0,"6043":0,"6049":0,"6050":0,"6057":0,"6058":0,"6060":0,"6061":0,"6062":0,"6063":0,"6064":0,"6067":0,"6068":0,"6070":0,"6071":0,"6074":0,"6075":0,"6076":0,"6077":0,"6078":0,"6080":0,"6086":0,"6091":0,"6096":0,"6102":0,"6107":0,"6108":0,"6114":0,"6115":0,"6116":0,"6117":0,"6118":0,"6119":0,"6121":0,"6126":0,"6127":0,"6132":0,"6133":0,"6138":0,"6143":0,"6148":0,"6149":0,"6150":0,"6151":0,"6153":0,"6154":0,"6160":0,"6165":0,"6170":0,"6171":0,"6172":0,"6173":0,"6174":0,"6175":0,"6176":0,"6180":0,"6181":0,"6182":0,"6184":0,"6189":0,"6190":0,"6192":0,"6197":0,"6202":0,"6203":0,"6204":0,"6205":0,"6210":0,"6211":0,"6212":0,"6213":0,"6215":0,"6217":0,"6218":0,"6219":0,"6222":0,"6223":0,"6227":0,"6228":0,"6229":0,"6231":0,"6236":0,"6237":0,"6238":0,"6239":0,"6240":0,"6243":0,"6244":0,"6245":0,"6247":0,"6249":0,"6250":0,"6252":0,"6253":0,"6254":0,"6255":0,"6257":0,"6259":0,"6261":0,"6262":0,"6265":0,"6266":0,"6268":0,"6269":0,"6272":0,"6274":0,"6275":0,"6276":0,"6278":0,"6284":0,"6285":0,"6286":0,"6288":0,"6289":0,"6290":0,"6291":0,"6292":0,"6294":0,"6295":0,"6296":0,"6300":0,"6301":0,"6302":0,"6304":0,"6306":0,"6308":0,"6309":0,"6310":0,"6312":0,"6313":0,"6315":0,"6316":0,"6317":0,"6321":0,"6322":0,"6323":0,"6327":0,"6328":0,"6330":0,"6336":1,"6337":1,"6338":1,"6484":1,"6485":1,"7199":1,"7200":1,"7202":1,"7204":1,"7206":1,"7209":1,"7216":1,"7218":0,"7219":0,"7226":1,"7228":0,"7229":0,"7236":1,"7238":0,"7246":1,"7249":0,"7250":0,"7251":0,"7253":0,"7256":0,"7259":0,"7261":0,"7262":0,"7266":0,"7269":0,"7271":0,"7272":0,"7277":0,"7280":0,"7281":0,"7284":0,"7294":1,"7295":0,"7296":0,"7298":0,"7299":0,"7300":0,"7302":0,"7303":0,"7307":0,"7308":0,"7309":0,"7310":0,"7311":0,"7314":0,"7322":1,"7324":0,"7325":0,"7327":0,"7333":1,"7334":0,"7335":0,"7343":1,"7344":0,"7345":0,"7353":1,"7354":0,"7355":0,"7362":1,"7364":0,"7365":0,"7366":0,"7368":0,"7375":1,"7377":0,"7378":0,"7379":0,"7381":0,"7388":1,"7390":0,"7391":0,"7392":0,"7394":0,"7401":1,"7403":0,"7404":0,"7405":0,"7406":0,"7407":0,"7408":0,"7409":0,"7410":0,"7411":0,"7417":0,"7427":1,"7429":0,"7431":0,"7433":0,"7435":0,"7440":0,"7441":0,"7442":0,"7443":0,"7444":0,"7446":0,"7447":0,"7452":0,"7454":0,"7455":0,"7456":0,"7457":0,"7458":0,"7459":0,"7461":0,"7462":0,"7463":0,"7464":0,"7465":0,"7466":0,"7467":0,"7469":0,"7470":0,"7471":0,"7472":0,"7473":0,"7474":0,"7475":0,"7483":0,"7484":0,"7485":0,"7486":0,"7487":0,"7488":0,"7489":0,"7490":0,"7499":1,"7500":0,"7501":0,"7502":0,"7503":0,"7504":0,"7505":0,"7513":1,"7514":0,"7515":0,"7517":0,"7518":0,"7520":0,"7521":0,"7522":0,"7532":1,"7533":0,"7534":0,"7535":0,"7541":1,"7542":0,"7543":0,"7546":1,"7547":0,"7549":0,"7550":0,"7553":0,"7554":0,"7555":0,"7558":0,"7560":0,"7561":0,"7563":0,"7565":0,"7566":0,"7568":0,"7569":0,"7571":0,"7572":0,"7574":0,"7576":0,"7578":1,"7580":1,"7581":1,"7582":0,"7583":0,"7584":0,"7586":0,"7587":0,"7594":1,"7595":0,"7596":0,"7597":0,"7598":0,"7599":0,"7600":0,"7602":0,"7604":1,"7605":0,"7606":0,"7608":0,"7609":0,"7610":0,"7611":0,"7612":0,"7613":0,"7616":0,"7620":0,"7626":1,"7627":0,"7628":0,"7629":0,"7630":0,"7632":0,"7633":0,"7635":0,"7636":0,"7637":0,"7638":0,"7639":0,"7640":0,"7644":0,"7645":0,"7647":0,"7650":0,"7651":0,"7653":0,"7655":0,"7657":1,"7658":0,"7659":0,"7660":0,"7661":0,"7663":0,"7664":0,"7666":0,"7667":0,"7669":0,"7670":0,"7673":0,"7674":0,"7675":0,"7677":0,"7679":0,"7680":0,"7682":0,"7684":0,"7687":0,"7689":0,"7690":0,"7692":0,"7699":1,"7700":0,"7701":0,"7711":1,"7712":0,"7713":0,"7714":0,"7715":0,"7716":0,"7717":0,"7718":0,"7720":0,"7721":0,"7722":0,"7724":0,"7734":1,"7735":0,"7737":0,"7738":0,"7739":0,"7740":0,"7742":0,"7743":0,"7745":0,"7746":0,"7748":0,"7750":0,"7762":1,"7765":0,"7766":0,"7767":0,"7769":0,"7770":0,"7772":0,"7773":0,"7775":0,"7778":1,"7780":0,"7781":0,"7782":0,"7783":0,"7784":0,"7785":0,"7787":0,"7788":0,"7789":0,"7792":0,"7813":1,"7815":0,"7816":0,"7832":1,"7834":0,"7835":0,"7838":0,"7839":0,"7840":0,"7845":0,"7858":1,"7860":0,"7861":0,"7862":0,"7867":0,"7868":0,"7873":0,"7874":0,"7886":1,"7888":0,"7889":0,"7890":0,"7891":0,"7892":0,"7895":0,"7904":1,"7906":0,"7907":0,"7909":0,"7912":0,"7913":0,"7915":0,"7918":0,"7924":0,"7927":0,"7928":0,"7929":0,"7931":0,"7934":1,"7935":0,"7936":0,"7937":0,"7939":0,"7942":1,"7944":0,"7945":0,"7946":0,"7947":0,"7948":0,"7950":0,"7953":1,"7954":1,"7956":0,"7957":0,"7959":1,"7963":0,"7964":0,"7967":0,"7968":0,"7969":0,"7972":0,"7973":0,"7974":0,"7977":0,"7979":0,"7980":0,"7982":0,"7984":0,"7987":0,"7988":0,"7990":0,"7992":0,"7993":0,"7994":0,"7995":0,"7997":0,"8000":0,"8001":0,"8003":0,"8004":0,"8005":0,"8008":0,"8009":0,"8014":0,"8015":0,"8016":0,"8019":1,"8021":0,"8024":1,"8026":0,"8028":0,"8029":0,"8031":0,"8032":0,"8033":0,"8036":0,"8037":0,"8038":0,"8041":0,"8050":1,"8052":0,"8053":0,"8054":0,"8056":0,"8065":1,"8067":0,"8069":0,"8070":0,"8072":0,"8073":0,"8074":0,"8076":0,"8079":0,"8081":0,"8082":0,"8084":0,"8093":1,"8095":0,"8110":0,"8113":0,"8116":0,"8128":1,"8129":0,"8130":0,"8131":0,"8137":0,"8138":0,"8139":0,"8140":0,"8148":0,"8149":0,"8151":0,"8152":0,"8153":0,"8155":0,"8165":1,"8166":0,"8167":0,"8168":0,"8169":0,"8177":0,"8178":0,"8180":0,"8181":0,"8182":0,"8184":0,"8187":1,"8188":0,"8189":0,"8190":0,"8191":0,"8192":0,"8195":0,"8203":1,"8204":0,"8205":0,"8206":0,"8208":0,"8209":0,"8210":0,"8211":0,"8212":0,"8226":1,"8227":0,"8228":0,"8230":0,"8231":0,"8233":0,"8234":0,"8236":0,"8237":0,"8239":0,"8247":1,"8248":0,"8249":0,"8250":0,"8251":0,"8253":0,"8254":0,"8256":0,"8257":0,"8259":0,"8260":0,"8262":0,"8263":0,"8268":0,"8269":0,"8271":0,"8272":0,"8274":0,"8275":0,"8278":0,"8279":0,"8281":0,"8283":0,"8284":0,"8286":0,"8294":1,"8295":0,"8303":1,"8305":0,"8306":0,"8308":0,"8318":1,"8319":0,"8321":0,"8322":0,"8325":0,"8326":0,"8329":0,"8330":0,"8333":0,"8334":0,"8337":0,"8338":0,"8341":0,"8342":0,"8345":0,"8346":0,"8349":0,"8350":0,"8351":0,"8354":0,"8355":0,"8356":0,"8357":0,"8358":0,"8359":0,"8360":0,"8361":0,"8362":0,"8363":0,"8365":0,"8366":0,"8368":0,"8369":0,"8371":0,"8372":0,"8375":0,"8376":0,"8378":0,"8382":0,"8383":0,"8386":0,"8387":0,"8390":0,"8391":0,"8392":0,"8395":0,"8396":0,"8399":0,"8400":0,"8403":0,"8404":0,"8405":0,"8406":0,"8407":0,"8409":0,"8411":0,"8412":0,"8414":0,"8418":0,"8419":0,"8422":0,"8423":0,"8426":0,"8427":0,"8430":0,"8431":0,"8434":0,"8442":1,"8443":0,"8444":0,"8446":0,"8447":0,"8449":0,"8457":1,"8458":0,"8466":1,"8467":0,"8468":0,"8469":0,"8470":0,"8471":0,"8472":0,"8473":0,"8474":0,"8475":0,"8476":0,"8477":0,"8478":0,"8480":0,"8482":0,"8486":0,"8489":1,"8491":1,"8492":1,"8493":0,"8494":0,"8495":0,"8496":0,"8498":0,"8499":0,"8500":0,"8502":0,"8505":0,"8509":0,"8510":0,"8520":1,"8521":0,"8522":0,"8523":0,"8524":0,"8529":0,"8530":0,"8532":0,"8536":0,"8539":0,"8543":0,"8546":0,"8550":0,"8553":0,"8557":0,"8560":0,"8568":1,"8572":1,"8573":1,"8580":1,"8581":0,"8582":0,"8583":0,"8584":0,"8585":0,"8588":0,"8589":0,"8591":1,"8592":0,"8594":1,"8595":0,"8596":0,"8598":1,"8599":0,"8601":1,"8602":0,"8610":1,"8611":0,"8612":0,"8613":0,"8614":0,"8616":0,"8618":0,"8619":0,"8620":0,"8621":0,"8622":0,"8623":0,"8624":0,"8627":0,"8629":0,"8631":0,"8632":0,"8634":0,"8636":1,"8637":0,"8638":0,"8639":0,"8641":0,"8649":1,"8650":0,"8651":0,"8653":0,"8656":0,"8659":0,"8662":0,"8665":1,"8666":0,"8667":0,"8669":1,"8670":0,"8681":1,"8682":0,"8683":0,"8684":1,"8685":0,"8686":0,"8687":0,"8688":0,"8689":0,"8690":0,"8691":0,"8693":0,"8694":0,"8695":0,"8697":0,"8701":0,"8703":1,"8705":0,"8706":0,"8707":0,"8708":0,"8709":0,"8710":0,"8713":0,"8714":0,"8715":0,"8716":0,"8719":0,"8720":0,"8721":0,"8722":0,"8724":0,"8725":0,"8726":0,"8729":0,"8730":0,"8732":0,"8733":0,"8734":0,"8736":0,"8737":0,"8738":0,"8741":0,"8743":1,"8744":0,"8745":0,"8746":0,"8747":0,"8750":0,"8753":0,"8754":0,"8756":0,"8767":0,"8769":0,"8771":0,"8772":0,"8774":0,"8775":0,"8778":0,"8779":0,"8781":0,"8782":0,"8783":0,"8786":0,"8787":0,"8788":0,"8791":0,"8792":0,"8793":0,"8794":0,"8798":0,"8799":0,"8800":0,"8801":0,"8806":0,"8807":0,"8809":0,"8811":0,"8820":1,"8821":0,"8822":0,"8823":0,"8824":0,"8827":0,"8828":0,"8829":0,"8830":0,"8831":0,"8834":0,"8835":0,"8836":0,"8837":0,"8839":0,"8842":1,"8844":0,"8847":1,"8849":0,"8850":0,"8851":0,"8852":0,"8853":0,"8854":0,"8855":0,"8858":0,"8859":0,"8863":0,"8866":1,"8868":0,"8871":1,"8873":0,"8875":1}}}